22
 energy: -33.740905508434 gnorm: 0.125448272870 xtb: 6.5.1 (579679a)
C            1.47000000000000       11.57000000000000      106.61999999999999
C            1.07000000000000       11.52000000000000      105.29999999999998
C           -0.05000000000000       10.73000000000000      104.91000000000000
C           -0.79000000000000        9.98000000000000      105.88000000000000
C           -0.27000000000000       10.00000000000000      107.20000000000000
C            0.78000000000000       10.79000000000000      107.55999999999999
H            2.32000000000000       12.19000000000000      106.89999999999999
H            1.63000000000000       12.08000000000000      104.56000000000000
H           -1.59000000000000        9.32000000000000      105.56999999999999
O           -0.94000000000000        9.29000000000000      108.14999999999999
H           -0.63000000000000        9.71000000000000      108.98000000000000
O            1.31000000000000       10.71000000000000      108.77000000000000
H            0.78000000000000       10.09000000000000      109.30999999999999
C           -0.46000000000000       10.58000000000000      103.44000000000000
H           -1.54000000000000       10.77000000000000      103.40000000000001
H           -0.02000000000000       11.39000000000000      102.84000000000000
C           -0.42000000000000        9.13000000000000      102.84999999999999
H           -0.82000000000000        9.05000000000000      101.82999999999998
H           -1.13000000000000        8.44000000000000      103.32999999999998
N            0.96000000000000        8.64000000000000      102.97999999999999
H            1.24000000000000        8.61000000000000      103.95000000000000
H            1.13000000000000        7.75000000000000      102.51999999999998
22
 energy: -33.764674577557 gnorm: 0.047386637460 xtb: 6.5.1 (579679a)
C            1.46122852530294       11.55372194838095      106.58926306799326
C            1.04531428560813       11.49460004136702      105.27293666515149
C           -0.03724398924723       10.68622221641145      104.88860624443900
C           -0.73787159125699        9.97092653262539      105.86568624812917
C           -0.28375739476369       10.00617975791504      107.18748873481223
C            0.80948782668777       10.77749906683611      107.54594996026431
H            2.30043263878303       12.17133630942370      106.88022147468661
H            1.58942586424902       12.06434640757087      104.53375321638030
H           -1.57549009878413        9.34960633946652      105.58847030358068
O           -0.96382364751393        9.28312936834808      108.13956627782171
H           -0.71061005867492        9.67542411179973      108.99428169607116
O            1.32522813371386       10.74213475437933      108.79780248264636
H            0.82941359860185       10.10455645668881      109.34122986536967
C           -0.51675215621451       10.57380543166875      103.45048418490897
H           -1.58586075766730       10.81449799197716      103.41429938406294
H            0.00555858399674       11.31494906329166      102.83129082056591
C           -0.39711858094800        9.14022590792436      102.87699586845669
H           -0.73935138392537        9.11573561056289      101.83018400058303
H           -1.11476743476363        8.47784146185699      103.39916477422040
N            0.97591186118660        8.65972757358055      102.96345280963591
H            1.24281364009742        8.60651922924695      103.93769875564946
H            1.10783213553236        7.75701441867774      102.52117316457081
22
 energy: -33.770070534997 gnorm: 0.015754665442 xtb: 6.5.1 (579679a)
C            1.45687831453363       11.52521610967708      106.56027795550222
C            1.02547898015889       11.47042844386455      105.24777131481325
C           -0.05197045537004       10.67706347793091      104.88140101369453
C           -0.71082447252362        9.96156609832243      105.86747321920521
C           -0.28951475482739        9.99911294019172      107.18457209516170
C            0.82755691855218       10.76360450101204      107.53447362725962
H            2.28946863533582       12.14267577001060      106.85550988973655
H            1.55052007745419       12.05221577771360      104.50522916401529
H           -1.57467598325302        9.36182492021532      105.62078945172587
O           -0.98550623347881        9.27786278882619      108.13428411692932
H           -0.78737942766900        9.65095559544684      109.00787502994616
O            1.32990471311579       10.78301143875767      108.81411182657320
H            0.88734290478095       10.11195078062244      109.35787155406582
C           -0.52436673889079       10.56927617321265      103.45633773118190
H           -1.58293166245676       10.83974466723287      103.41314336205070
H            0.03750181647946       11.26654479723082      102.82541899007092
C           -0.39316547378880        9.14746944651294      102.89291943985855
H           -0.69825686111046        9.15209902836427      101.83674298651925
H           -1.09859971319740        8.48729003822056      103.43351355791120
N            0.98177357891428        8.69446997156802      102.95815695026729
H            1.25822695470120        8.62536730283005      103.93188207213198
H            1.08253888253970        7.78024993223646      102.53024465137946
22
 energy: -33.770942755982 gnorm: 0.011646997859 xtb: 6.5.1 (579679a)
C            1.45780124082335       11.50937979358941      106.54881724372888
C            1.02169219195040       11.45595813286204      105.23726465813770
C           -0.05764969793697       10.66391383905927      104.87935054569290
C           -0.71299603479437        9.95272885796800      105.87484376093337
C           -0.29521695965195        9.99851458689234      107.19124959048618
C            0.82825692305092       10.76289771593194      107.53251257574659
H            2.29910639488514       12.11725248365020      106.83816681149044
H            1.53791498131237       12.03891290928696      104.48958796502136
H           -1.58074738546604        9.35329419935538      105.64260296312867
O           -0.99706792200278        9.27764906948015      108.13519798859021
H           -0.83499334854509        9.65010070506210      109.01496276457004
O            1.32881665609475       10.80525008078158      108.81559082767288
H            0.92138472214162       10.11042855645723      109.35640239070570
C           -0.53127362165062       10.57304139856197      103.45650213961132
H           -1.58487798826619       10.86180691839852      103.40269539797485
H            0.05000580560525       11.25542936930561      102.83205276201343
C           -0.39424677270557        9.15183446726518      102.89735561336089
H           -0.69699614165457        9.15676293133708      101.84570583417083
H           -1.08515737739373        8.48472578168795      103.44399424635975
N            0.98800845425621        8.71368463767704      102.95431522404803
H            1.28568791535121        8.65313408089842      103.92303435989140
H            1.08254796459665        7.79329948449164      102.53779433666462
22
 energy: -33.771383722901 gnorm: 0.008618133068 xtb: 6.5.1 (579679a)
C            1.46182811732009       11.49384276625497      106.54235838243444
C            1.01767402780098       11.44503311966890      105.23335063947923
C           -0.07100386872758       10.66101163824490      104.88329408475435
C           -0.72461666071977        9.95124968463891      105.88373675879372
C           -0.30149134741377       10.00170901246398      107.19939651529683
C            0.82665291653567       10.76314334632344      107.53290946023021
H            2.31503799289363       12.09030461444626      106.82315216450651
H            1.53272267361900       12.01742441181559      104.47786183240220
H           -1.59122468014103        9.34841499299817      105.66086642308616
O           -1.00549070357505        9.28135938440316      108.13835882807817
H           -0.87663690924599        9.65826031561805      109.01933266663676
O            1.32487116753499       10.82081546015961      108.81520855246880
H            0.95329797565341       10.10166234880329      109.34843982310905
C           -0.53648215777224       10.57267283577099      103.45893544012262
H           -1.58540789977441       10.87361138971078      103.39163621791448
H            0.05918642225770       11.24422138896620      102.84126088869574
C           -0.39732502940912        9.15195185643817      102.89857716445724
H           -0.70353485961864        9.15085491149775      101.85086513516583
H           -1.07106908915053        8.47740812562024      103.45463624304770
N            0.99517429378029        8.73423358728355      102.94433800831018
H            1.31592613697128        8.69373046842192      103.90735924392111
H            1.09191148118104        7.80708434045118      102.54412552708894
22
 energy: -33.771603170725 gnorm: 0.006886170781 xtb: 6.5.1 (579679a)
C            1.46561289601328       11.48275419555833      106.54019163202830
C            1.01847999702573       11.43351826757893      105.23290895562162
C           -0.07863055109223       10.65723873636493      104.88672595604157
C           -0.73574969275084        9.95338972433536      105.88890721193287
C           -0.30713437629731       10.00618971647849      107.20479613188547
C            0.82362299252190       10.76274581755960      107.53408377231291
H            2.32652093472846       12.07185086452571      106.81475156018050
H            1.53462710698536       11.99773934191433      104.47218705184208
H           -1.60450280421238        9.35156082947995      105.67104644783193
O           -1.00897130535742        9.28643204055260      108.14318974320207
H           -0.90249651496431        9.67343449142970      109.02077879049912
O            1.31731631913366       10.82700863667410      108.81535449906883
H            0.97318701354881       10.08920551131421      109.33899723775539
C           -0.54087857417679       10.57201224837854      103.45997705849994
H           -1.58751446051293       10.87535687529982      103.38577092844747
H            0.06089959455378       11.23977563797107      102.84645616351729
C           -0.39834683300251        9.15035851051823      102.90168730035334
H           -0.71645524183623        9.14240890055189      101.85805591902223
H           -1.05597752937749        8.46846872371638      103.46700009106551
N            1.00173864689899        8.74988233078448      102.93104391463193
H            1.34062281872606        8.73235086118727      103.88902845885657
H            1.10402956344440        7.81631773782613      102.54706117540282
22
 energy: -33.771801385806 gnorm: 0.006685737683 xtb: 6.5.1 (579679a)
C            1.47003575357009       11.47187848166682      106.53970989000163
C            1.02100674570014       11.42128893312334      105.23404043149425
C           -0.08574751241130       10.65512684570351      104.89068812333748
C           -0.74778790833830        9.95872266546145      105.89316093292315
C           -0.31332430729916       10.01111570512915      107.20887937574197
C            0.82041152858827       10.76043500779127      107.53562583620568
H            2.33647661076386       12.05489742482123      106.80965050487377
H            1.54264832866890       11.97425553939082      104.46867548032426
H           -1.62105246759367        9.36191237191357      105.67859013111270
O           -1.01123064841662        9.29364122174283      108.15077017331656
H           -0.92798863630907        9.70014578852022      109.02141466389540
O            1.30544305673499       10.82899110739377      108.81787421915111
H            0.99236541939882       10.06885270446421      109.32767151870644
C           -0.54524120986394       10.56869328470389      103.46183541461865
H           -1.59124580548839       10.86915187684172      103.38471689209364
H            0.05749846795986       11.23611495122703      102.85004267372405
C           -0.39689708035547        9.14734992644487      102.90455825209027
H           -0.73622978360734        9.12939559764827      101.86645256676307
H           -1.03476115229784        8.45891856884716      103.48471303089167
N            1.00939803107411        8.76610812671702      102.91061837440445
H            1.36737164936169        8.77857281831568      103.86234530134034
H            1.11885092016033        7.82443105213213      102.54796621298931
22
 energy: -33.771972102451 gnorm: 0.006498192889 xtb: 6.5.1 (579679a)
C            1.47509169424319       11.46068702605839      106.54015410636724
C            1.02603506792607       11.40770246357609      105.23513334356157
C           -0.08927458322524       10.65185206198454      104.89333618091995
C           -0.75904212371001        9.96531676858661      105.89603281855263
C           -0.32133282541874       10.01652807842243      107.21135661470085
C            0.81762538673287       10.75600947568730      107.53688427151369
H            2.34471238132061       12.03913454680619      106.80828320043102
H            1.55444799530601       11.95135083135010      104.46725174867616
H           -1.63888744347379        9.37746522504537      105.68270886402266
O           -1.01566094442241        9.30538766439781      108.16158680135192
H           -0.94980655144056        9.73773844805119      109.02103033964255
O            1.29198087835448       10.82395995178605      108.82215982148985
H            1.00703955486731       10.04447878478326      109.31636039071768
C           -0.54988948535607       10.56385756675056      103.46396619550721
H           -1.59781939305081       10.85612948203432      103.38942729991086
H            0.04724573071165       11.23566720229663      102.85104229810258
C           -0.39332406568130        9.14274721742793      102.90928231787159
H           -0.75917416490567        9.11393323397341      101.87809124136400
H           -1.00882701079614        8.44754285063934      103.50655693199764
N            1.01782705184113        8.78271007566699      102.88573356528471
H            1.39552700271671        8.82546139903923      103.82937362125500
H            1.13550584746065        7.83433964563626      102.54424802675832
22
 energy: -33.772093974861 gnorm: 0.005671935341 xtb: 6.5.1 (579679a)
C            1.47900203788143       11.45164236350251      106.54126986965744
C            1.03076544975480       11.39668814678598      105.23572077810070
C           -0.09029973234246       10.64942243294672      104.89488871346597
C           -0.76737262019540        9.97123731156598      105.89820219900245
C           -0.32961889198599       10.02140338913199      107.21246912166674
C            0.81556653616999       10.75190482061544      107.53782670090632
H            2.35134544011235       12.02546271986204      106.80976724345847
H            1.56577290122160       11.93365596957112      104.46736029005281
H           -1.65372652407687        9.39355510176371      105.68396435092457
O           -1.02444022276651        9.32152231744138      108.17293461641717
H           -0.96542407096589        9.77747091318273      109.02056588685628
O            1.28160323752097       10.81500224808084      108.82694067352384
H            1.01841679847519       10.01894883441599      109.30702626606896
C           -0.55459694451425       10.55808183333037      103.46705288724731
H           -1.60636882043910       10.83945998251816      103.39872454990794
H            0.03219622451177       11.23666469031079      102.85001506596555
C           -0.38811551957982        9.13816002058656      102.91325180999412
H           -0.77621856290707        9.09970823391275      101.88906197793970
H           -0.98360441724043        8.43800000854498      103.52539597540529
N            1.02536904784060        8.79646341444024      102.86307024647161
H            1.41985289542435        8.86104569642223      103.79803141529881
H            1.14989575810071        7.84449955106750      102.53645936166775
22
 energy: -33.772170749280 gnorm: 0.005562984708 xtb: 6.5.1 (579679a)
C            1.48334713591727       11.44227443918375      106.54202808780079
C            1.03478887114399       11.38784719787370      105.23545503797375
C           -0.08979622536738       10.64721837952906      104.89560584491025
C           -0.77363978982652        9.97597725666156      105.90030768593400
C           -0.33804284289915       10.02632569903435      107.21336608104147
C            0.81510679289202       10.74762452132581      107.53823142163117
H            2.35810366141530       12.01195101156049      106.81153190691073
H            1.57384310692276       11.92207016980570      104.46792313409061
H           -1.66480299250009        9.40701085066580      105.68371569692846
O           -1.03760016992403        9.34064574688126      108.18269625987851
H           -0.97421900669057        9.81200278861556      109.02101597774107
O            1.27727664576843       10.80200520726253      108.83035360387893
H            1.02180534779571       10.00185385524214      109.30139604120293
C           -0.55951307059524       10.55272261804225      103.47046005291240
H           -1.61583294884053       10.82196914470755      103.41013427407945
H            0.01426037372509       11.23929292746121      102.84838379979443
C           -0.38304972696126        9.13397621473902      102.91679019539680
H           -0.78629767045181        9.08873840447064      101.89895586851885
H           -0.96167663835623        8.42944645682834      103.53979688424924
N            1.03202182625147        8.80806187163528      102.84491610354897
H            1.44212704513691        8.88590685112049      103.77137257371929
H            1.16179027544378        7.85507838735353      102.52556346785765
22
 energy: -33.772207139978 gnorm: 0.004558248537 xtb: 6.5.1 (579679a)
C            1.48534981388034       11.43486127627252      106.54274120938351
C            1.03757935755406       11.37976788706107      105.23476689227907
C           -0.08995391564815       10.64496810764996      104.89653301780965
C           -0.77918438766659        9.97965057077588      105.90317808084674
C           -0.34607461540017       10.03157949773537      107.21524624963503
C            0.81270166503952       10.74701849830589      107.53935339878439
H            2.36463709739057       11.99826887691401      106.81180900201646
H            1.58046024284461       11.91032350730401      104.46738225321536
H           -1.67438993811917        9.41800810759731      105.68491139087550
O           -1.05249131070529        9.35995878052764      108.19028892250091
H           -0.98511720256682        9.84244735504364      109.02301616375254
O            1.27329530261601       10.79596391296049      108.83386382706300
H            1.03222657100256        9.97883272747377      109.29433051027088
C           -0.56419514622664       10.54788752136902      103.47397069582051
H           -1.62408093868445       10.80728684900197      103.41965396701075
H           -0.00071963311264       11.24035752115283      102.84779583145897
C           -0.37873596607657        9.13044798044070      102.91975661440691
H           -0.79299412630791        9.08000471842267      101.90765134280471
H           -0.94183497648607        8.42189784782718      103.55205334872707
N            1.03809551157692        8.81887468040167      102.82933083491184
H            1.46413930320312        8.90687252184208      103.74765418877436
H            1.17128729189267        7.86472125392036      102.51471225765125
22
 energy: -33.772250590469 gnorm: 0.004099356721 xtb: 6.5.1 (579679a)
C            1.48754323597146       11.42925983830094      106.54218554909215
C            1.03777151278653       11.37676831014020      105.23409581634870
C           -0.09138217593072       10.64464572900481      104.89743432648844
C           -0.78253481256054        9.98178395433673      105.90546738193211
C           -0.35019553983078       10.03492566292693      107.21716399340625
C            0.81307305452738       10.74567649618127      107.53946867076311
H            2.36934423133385       11.98959163157786      106.80999803867449
H            1.58110091209894       11.90655253567452      104.46659094525927
H           -1.67871896542342        9.42211686066655      105.68635956733728
O           -1.06173255430793        9.37059209254944      108.19254609233320
H           -0.98253016603098        9.84878816339753      109.02589977888277
O            1.27682181545868       10.79048920776371      108.83357201575372
H            1.02797697030883        9.98021009614615      109.29502866191318
C           -0.56735265812782       10.54602878803362      103.47598507556479
H           -1.62864421012185       10.80023865768912      103.42379626384501
H           -0.00890303546814       11.24130403262944      102.84860723135189
C           -0.37623889979729        9.12964716675044      102.91996774119789
H           -0.79143330747096        9.07795814017252      101.90959478966616
H           -0.93370058149631        8.41855847504757      103.55334986595355
N            1.04140859111426        8.82378704072050      102.82537085754572
H            1.47145202011459        8.90973876195327      103.74081244456825
H            1.17687456285217        7.87133835833692      102.50670489212175
22
 energy: -33.772292796032 gnorm: 0.004509505310 xtb: 6.5.1 (579679a)
C            1.48960238638844       11.42249373062567      106.54097177763337
C            1.03785852513687       11.37217247747939      105.23327274529773
C           -0.09423935943986       10.64367095093683      104.89879331006800
C           -0.78712984732090        9.98439018737613      105.90838947974383
C           -0.35460809713169       10.03912547173853      107.22034816861333
C            0.81255336971388       10.74485392226925      107.53986197350390
H            2.37466489514872       11.97893838616167      106.80610108970347
H            1.58172253315780       11.89958965610976      104.46461465764973
H           -1.68450124800270        9.42618124540883      105.68995336342184
O           -1.07096018693467        9.38057632889329      108.19388454131887
H           -0.97934075023616        9.85043449585101      109.03125380528968
O            1.28038187459738       10.78856525751100      108.83286523677882
H            1.02317756511524        9.98420028862692      109.29644650802273
C           -0.57045531388048       10.54451958975440      103.47749154852339
H           -1.63225533205004       10.79476217418221      103.42534055986702
H           -0.01438444686194       11.24148054339148      102.85067823506634
C           -0.37431685355012        9.12900849753323      102.92031838094120
H           -0.79161606768914        9.07606878658906      101.91132157447814
H           -0.92541561908147        8.41454150898237      103.55535594121623
N            1.04536275258144        8.83034755287286      102.82115849594003
H            1.48011900025239        8.91438751569447      103.73457926243152
H            1.18378022008694        7.87969143201167      102.49699934449069
22
 energy: -33.772352454781 gnorm: 0.004900833382 xtb: 6.5.1 (579679a)
C            1.49235199822557       11.41088779681536      106.53855383122749
C            1.03792046725944       11.36275261634328      105.23179803120426
C           -0.10037784738686       10.64176188987981      104.90151442790997
C           -0.79687586312349        9.99089341523135      105.91397848015617
C           -0.36335153114377       10.04764184554216      107.22642700598227
C            0.81069548888196       10.74361491776179      107.54062304827765
H            2.38353360766507       11.95967604124908      106.79894843022733
H            1.58403317041993       11.88393209443155      104.46059894518390
H           -1.69745600169248        9.43648961795394      105.69779802807491
O           -1.08881763156006        9.40082357043480      108.19791761308412
H           -0.96782064493218        9.85106577713699      109.04292410097796
O            1.28607629437016       10.78702248865940      108.83162158500484
H            1.01541089488378        9.98975121326572      109.29975754263849
C           -0.57635043557597       10.54119249159421      103.48016648939436
H           -1.63940160539884       10.78357789163144      103.42752186537645
H           -0.02423822091868       11.24184512722825      102.85476840213452
C           -0.36919050753654        9.12789259278686      102.92031442312690
H           -0.79023918971735        9.07218084659464      101.91325190721705
H           -0.90905795502873        8.40700307882837      103.55681126068960
N            1.05304459361106        8.84277027369892      102.81355032058167
H            1.49102416144267        8.91979722757953      103.72455360613264
H            1.19908675725524        7.89742718535253      102.47660065539718
22
 energy: -33.772404036340 gnorm: 0.004832922592 xtb: 6.5.1 (579679a)
C            1.49609161311321       11.39621467025456      106.53573234277872
C            1.03957002593321       11.34893241783852      105.23015428838289
C           -0.10713803979770       10.63841423519497      104.90421580083321
C           -0.80897047349238        9.99928446507632      105.91968796931391
C           -0.37415258325336       10.05734955064706      107.23263995403714
C            0.80804337666865       10.74064872411690      107.54147169400683
H            2.39368836060526       11.93619076278820      106.79223540766468
H            1.58973043688307       11.86126679114713      104.45588396619515
H           -1.71528927516400        9.45221250082834      105.70725653281201
O           -1.10892675238370        9.42430996286504      108.20462745742961
H           -0.95872083810929        9.85690304054402      109.05628575508213
O            1.28893180036148       10.78495733202772      108.83118264594066
H            1.00881047862199        9.99306230143959      109.30377199640759
C           -0.58296116896728       10.53617024372923      103.48273439075275
H           -1.64794322355122       10.76897393322286      103.43043774232056
H           -0.03624886931613       11.24187311045966      102.85846267949155
C           -0.36332378899671        9.12536692957079      102.92119645216000
H           -0.79512518912383        9.06407713050284      101.91806937688291
H           -0.88686555929572        8.39719328573213      103.56446644941806
N            1.06254822715239        8.86000699869494      102.79908959150467
H            1.51035566858471        8.93807958040410      103.70694700692991
H            1.21789577352725        7.91851203291514      102.45345049965456
22
 energy: -33.772449830355 gnorm: 0.003703687981 xtb: 6.5.1 (579679a)
C            1.49890444797077       11.38489735175866      106.53335431099273
C            1.04113762560515       11.33683663506161      105.22877822657325
C           -0.11264831439770       10.63549236983255      104.90608958166857
C           -0.81900858584032       10.00653917569379      105.92382733571614
C           -0.38230788763459       10.06462918894357      107.23658330543098
C            0.80594403628758       10.73771885955915      107.54194541414068
H            2.40108244427710       11.91789105998407      106.78813510996549
H            1.59527386509973       11.84120347690927      104.45197613399023
H           -1.73078893186303        9.46711270354034      105.71496385002533
O           -1.12233073334487        9.44217916308540      108.21174628445776
H           -0.95315980575617        9.86513038789981      109.06519638541566
O            1.28917906393558       10.78333114458187      108.83103900157228
H            1.00776276356384        9.99240364034003      109.30681842406685
C           -0.58861852468301       10.53169382125233      103.48471372060170
H           -1.65551091767008       10.75592858541156      103.43316444219994
H           -0.04751560085348       11.24229518776173      102.86099819129707
C           -0.35723091867027        9.12344276541663      102.92151412650985
H           -0.79741514870468        9.05673813282113      101.92158296684366
H           -0.86773946528355        8.38958589573686      103.56899114471597
N            1.06994143253831        8.87458363231237      102.78756244886281
H            1.52092533479959        8.95392310576532      103.69347894070759
H            1.23412382062400        7.93644371633199      102.43754065424544
22
 energy: -33.772508320250 gnorm: 0.002364926303 xtb: 6.5.1 (579679a)
C            1.50335480984301       11.36881222928972      106.53008860011008
C            1.04409960355046       11.31881393790984      105.22677958585280
C           -0.11954279456160       10.63097032718960      104.90811312777747
C           -0.83240713586974       10.01603772842336      105.92871144073648
C           -0.39245672525922       10.07329230908273      107.24054750584364
C            0.80359528272398       10.73262891204082      107.54236410254542
H            2.41122971717951       11.89239500356840      106.78396436068120
H            1.60395445738479       11.81187322704339      104.44660853371876
H           -1.75216231325247        9.48879396958396      105.72487559673205
O           -1.13635830422778        9.46313597755329      108.22209214348177
H           -0.95461215759953        9.88292035218916      109.07344431858230
O            1.28643704479102       10.78102160650741      108.83142563623784
H            1.01172156272263        9.98810560121243      109.30999519010936
C           -0.59660451452825       10.52514265567200      103.48730415566814
H           -1.66619239597917       10.73751486906991      103.43791594808526
H           -0.06417895223850       11.24258826672924      102.86344992974469
C           -0.34932253785963        9.12046683159002      102.92244102756776
H           -0.80247852961196        9.04512683093522      101.92795191290490
H           -0.84070197466655        8.37956002346292      103.57740586741224
N            1.07924265241275        8.89594031707337      102.77030213668721
H            1.53766560564917        8.98473359820430      103.67292394438832
H            1.25571759939699        7.96012542566893      102.42129493513222
22
 energy: -33.772544967115 gnorm: 0.002595806899 xtb: 6.5.1 (579679a)
C            1.50768805232264       11.35462402623616      106.52722544590721
C            1.04657441044198       11.30385460995044      105.22468097279049
C           -0.12483708673886       10.62747748860219      104.90969994147380
C           -0.84280963729218       10.02335667459977      105.93298000346667
C           -0.40011630215883       10.08007723371013      107.24366858755208
C            0.80259371121281       10.72837566447217      107.54256247422740
H            2.42096288538759       11.86962161581193      106.77986000442137
H            1.61065415406003       11.78807887078360      104.44200557310492
H           -1.76888160041288        9.50659103844886      105.73231271827383
O           -1.14723167195628        9.47957874757726      108.22952002753375
H           -0.95953058855277        9.90111198823171      109.07910574352817
O            1.28585575708952       10.77805986464074      108.83125860709393
H            1.01526344305866        9.98492055163424      109.31233482318129
C           -0.60442833944762       10.51978540680471      103.49009625738026
H           -1.67663087268127       10.72029990817165      103.44410090719940
H           -0.08178682105634       11.24406263487410      102.86540986404457
C           -0.34243425991632        9.11839767762962      102.92298299461268
H           -0.80289994024512        9.03643868514565      101.93285008480605
H           -0.81828094528876        8.37148964307430      103.58197364092538
N            1.08670405670765        8.91407993621433      102.75854635823069
H            1.54916839382567        9.00878096618416      103.65788770659957
H            1.27440320164056        7.98093676720235      102.40893726364617
22
 energy: -33.772574226541 gnorm: 0.002197512919 xtb: 6.5.1 (579679a)
C            1.51199669653053       11.34128858673355      106.52457420154762
C            1.04876490933055       11.29093632102900      105.22257888345024
C           -0.12902097248235       10.62450005625895      104.91105644261052
C           -0.85096887200656       10.02890207853667      105.93677241834611
C           -0.40600286383097       10.08519494792991      107.24644542955213
C            0.80261574535136       10.72424505924652      107.54248829369706
H            2.42982695704319       11.84902569094302      106.77538026760425
H            1.61586547640506       11.76814233381462      104.43787901741823
H           -1.78171809251696        9.52047416646559      105.73819503209486
O           -1.15602353786798        9.49269821407907      108.23507690870603
H           -0.96679200311617        9.91777948469663      109.08212511301308
O            1.28558460716292       10.77562259049385      108.83104236921351
H            1.01733188652054        9.98312712779394      109.31362483116781
C           -0.61147564117012       10.51537814283358      103.49279820058335
H           -1.68558852865826       10.70567296559916      103.45031691013713
H           -0.09762114796733       11.24509629976387      102.86705826665934
C           -0.33736245918314        9.11693882067134      102.92368095638849
H           -0.80339197238912        9.02964713304122      101.93722616714601
H           -0.79977308204727        8.36517293889011      103.58668520023299
N            1.09288805543411        8.92993493690080      102.74948133242461
H            1.56128422750083        9.03175481215061      103.64536667155885
H            1.28958061195702        7.99846729212797      102.40014708644755
22
 energy: -33.772596802253 gnorm: 0.001474424562 xtb: 6.5.1 (579679a)
C            1.51543941401097       11.33060181520534      106.52224048007024
C            1.05007145076401       11.28150580032025      105.22062696312287
C           -0.13226728662834       10.62249856538023      104.91219970782947
C           -0.85622736573561       10.03228509243626      105.93993365466406
C           -0.40960475958049       10.08858777608396      107.24890078934261
C            0.80324602284172       10.72122895448895      107.54224251973963
H            2.43725777689020       11.83238263158045      106.77042473917777
H            1.61895432512435       11.75384786932868      104.43443311156460
H           -1.79024908117820        9.52958873035047      105.74254348418927
O           -1.16229926982104        9.50235876478149      108.23865310331182
H           -0.97264637727391        9.93054735192589      109.08399609972042
O            1.28716813890607       10.77341646578166      108.83020572191735
H            1.01665471417052        9.98348615402087      109.31445010183219
C           -0.61747313092978       10.51249421022411      103.49516048195520
H           -1.69300443291040       10.69399468782640      103.45578355416271
H           -0.11119873907950       11.24676898822663      102.86878972617140
C           -0.33333498164129        9.11663299372602      102.92394984833530
H           -0.80099747913501        9.02596839281603      101.93935876956633
H           -0.78676119255874        8.36106181629151      103.58801254862557
N            1.09765337294040        8.94170953005004      102.74537511140512
H            1.56855617176863        9.04656851826526      103.63886247501809
H            1.30106270905531        8.01246489088952      102.39385700827779
22
 energy: -33.772623309915 gnorm: 0.001774123300 xtb: 6.5.1 (579679a)
C            1.52097084308404       11.31390684472571      106.51840925950995
C            1.05215469393191       11.26723649812956      105.21753158477985
C           -0.13728487469416       10.61932856578703      104.91408825106913
C           -0.86404941955153       10.03723221797753      105.94501322327531
C           -0.41496218074617       10.09373540103054      107.25310764210698
C            0.80446033743856       10.71661041883095      107.54176747359885
H            2.44878795101893       11.80679712930423      106.76177322389044
H            1.62347482940503       11.73256593704017      104.42902457744819
H           -1.80194345868263        9.54138334867577      105.74949243362438
O           -1.17209195582720        9.51770777713292      108.24452580286547
H           -0.98162111572111        9.94989094899684      109.08716085602363
O            1.29059285472359       10.76952407014367      108.82863394189772
H            1.01252158614360        9.98496722313233      109.31571694604210
C           -0.62657180650934       10.50822903666697      103.49874037609374
H           -1.70414144850170       10.67639905742641      103.46392490653628
H           -0.13141223959035       11.24950903413051      102.87193483844661
C           -0.32760335921972        9.11647947069608      102.92442290892606
H           -0.79827389997715        9.02106273632784      101.94200480823315
H           -0.76769500720031        8.35469131530328      103.59061119824678
N            1.10543573921713        8.95965186641397      102.73916548469239
H            1.58120734293724        9.06921524280659      103.62931131377765
H            1.31804458832122        8.03387585932117      102.38363894891512
22
 energy: -33.772634551504 gnorm: 0.000544022816 xtb: 6.5.1 (579679a)
C            1.52156243311083       11.31239781433376      106.51700207686110
C            1.05098444482410       11.26687355216028      105.21692952163127
C           -0.13893433049669       10.61933712709762      104.91438987245158
C           -0.86539929766789       10.03865219761734      105.94594595608227
C           -0.41529274963608       10.09530669462030      107.25374806888053
C            0.80551409718714       10.71560792574001      107.54100931550012
H            2.45044769827133       11.80359119660514      106.75926447256751
H            1.62222744680482       11.73135716632585      104.42779670878062
H           -1.80366928757212        9.54236760504558      105.75145310180524
O           -1.17166251652241        9.52053744789592      108.24670531678674
H           -0.98115193775411        9.95372712678471      109.08861101819701
O            1.29454267139822       10.76501130348146      108.82723830686824
H            1.00680231078607        9.98341914788218      109.31575092354051
C           -0.62795463112462       10.50728733644940      103.49896050891869
H           -1.70580605562655       10.67373769085141      103.46372186591805
H           -0.13374794575795       11.24956274465731      102.87255694737640
C           -0.32604542591699        9.11667741376217      102.92426725266421
H           -0.79609449944717        9.02066287913556      101.94104552291071
H           -0.76593786514387        8.35381121517052      103.58946593983076
N            1.10708014794704        8.96184824322448      102.73952302060385
H            1.58150561304253        9.07166484691573      103.63056361927634
H            1.32102967929426        8.03656132424335      102.38405066254843
22
 energy: -33.772648691741 gnorm: 0.001746776946 xtb: 6.5.1 (579679a)
C            1.52362578430336       11.30822759352586      106.51383499053868
C            1.04947889802794       11.26417429117710      105.21524106244175
C           -0.14224608122366       10.61840396111630      104.91500646506260
C           -0.86803714280731       10.04045960946955      105.94818383294843
C           -0.41509405800072       10.09677895407497      107.25515889953633
C            0.80877274473678       10.71212626059918      107.53928550622062
H            2.45471755013549       11.79631204192249      106.75367573402011
H            1.61937512115016       11.72831954495195      104.42487627577233
H           -1.80805492682164        9.54590344971650      105.75641056023603
O           -1.17151377212981        9.52613956626886      108.25107164096492
H           -0.98365367928245        9.96413913151979      109.09091895977154
O            1.30402657130476       10.75510864138850      108.82341244626319
H            0.99469984768371        9.98265584661048      109.31574966019430
C           -0.63141763138814       10.50548536375051      103.49956179107899
H           -1.71001618212245       10.66697891276065      103.46429011398146
H           -0.14048169484088       11.25089382745834      102.87414418927827
C           -0.32307315355354        9.11706298487455      102.92373859277886
H           -0.79151926944134        9.02059673990881      101.93925864953781
H           -0.76164823320897        8.35117645434100      103.58658455670457
N            1.11073275813502        8.96758070444415      102.74111238756328
H            1.58277158616914        9.07790201358107      103.63355752321930
H            1.32855496317441        8.04357410653942      102.38492616188638
22
 energy: -33.772657595854 gnorm: 0.001774375744 xtb: 6.5.1 (579679a)
C            1.52568219621063       11.30384683436318      106.51133008769627
C            1.04868412956356       11.26130256939683      105.21380068126533
C           -0.14476602745216       10.61766803394054      104.91554175916497
C           -0.87023249515195       10.04196305204643      105.95007468060125
C           -0.41475836930067       10.09748385521344      107.25622990998093
C            0.81167890981956       10.70863888622943      107.53802631375986
H            2.45848617588122       11.78948595677900      106.74937315757279
H            1.61798673001298       11.72423441831192      104.42229733714046
H           -1.81167280947093        9.54937152567208      105.76027502982394
O           -1.17168086396471        9.52950485549499      108.25381312476783
H           -0.98850323277961        9.97302705223841      109.09179667425725
O            1.31090134880962       10.74833327851617      108.82029900777036
H            0.98752307826813        9.98403059640982      109.31635294876043
C           -0.63483652974274       10.50407285351935      103.50050238671953
H           -1.71413050359515       10.66105386186986      103.46598413465433
H           -0.14733334963407       11.25198298615168      102.87543124550682
C           -0.32073657632313        9.11753111665669      102.92313682823277
H           -0.78750169309547        9.02067091104341      101.93791802786872
H           -0.75783334397158        8.34957251662851      103.58458248943943
N            1.11377789377739        8.97278020889302      102.74229878195598
H            1.58417984667853        9.08358270143721      103.63552309050783
H            1.33508548546043        8.04986192918809      102.38541230255282
22
 energy: -33.772667909455 gnorm: 0.000782437857 xtb: 6.5.1 (579679a)
C            1.52859184553567       11.29736858434242      106.50833913406440
C            1.04892685472572       11.25595389941943      105.21176069091510
C           -0.14724806332091       10.61619199762153      104.91597413828097
C           -0.87279558604976       10.04352730204416      105.95224694013891
C           -0.41435244862512       10.09791798761692      107.25738779469195
C            0.81486927085885       10.70453941044862      107.53678517174318
H            2.46363938470630       11.77970109292529      106.74436297205406
H            1.61759708075726       11.71747501010037      104.41901059124878
H           -1.81632566923689        9.55440354685930      105.76460571108304
O           -1.17185322380685        9.53223089476240      108.25652569980346
H           -0.99677829425557        9.98416813489568      109.09183692115847
O            1.31757575355839       10.74218054423968      108.81689523701196
H            0.98127147674387        9.98784135528509      109.31815112467632
C           -0.63929815429639       10.50260446801642      103.50175963995319
H           -1.71957090603471       10.65296365894182      103.46923666185263
H           -0.15724253156619       11.25419746928746      102.87683541996064
C           -0.31820469258515        9.11807570678556      102.92266688167098
H           -0.78303372183533        9.02100091465699      101.93685285978216
H           -0.75249711514605        8.34711838456279      103.58247945715773
N            1.11726926509178        8.98019800348179      102.74355792840180
H            1.58627074193317        9.09150356133020      103.63737059851883
H            1.34318873284780        8.05883807237613      102.38535842583116
22
 energy: -33.772673259457 gnorm: 0.000305352888 xtb: 6.5.1 (579679a)
C            1.53138986710910       11.29079606982125      106.50592705997944
C            1.04952732663487       11.25059281108720      105.21008244121448
C           -0.14954887247028       10.61520985160394      104.91650460480707
C           -0.87534441073296       10.04523878213123      105.95420560587566
C           -0.41439158979900       10.09833096092153      107.25842553196159
C            0.81720916179573       10.70112735989390      107.53597847559449
H            2.46854022164364       11.76995191766036      106.74032010585996
H            1.61873531167982       11.70935429167471      104.41613208038929
H           -1.82063520043478        9.55926433231240      105.76807376620157
O           -1.17220821951121        9.53440334845825      108.25887270524998
H           -1.00359997677381        9.99333336720346      109.09164141347631
O            1.32154672373950       10.73887946604840      108.81469976867604
H            0.97677024741486        9.99238761491050      109.32091807867609
C           -0.64360335492131       10.50108327490365      103.50316147545661
H           -1.72472598121336       10.64545532514262      103.47280470724326
H           -0.16679492348048       11.25574955654202      102.87803659498539
C           -0.31584031374289        9.11874286878954      102.92194590834556
H           -0.77975392768340        9.02083281729014      101.93602963814321
H           -0.74691245586829        8.34547091551741      103.58103898470837
N            1.12041815290498        8.98724657370457      102.74353690621466
H            1.58871858044420        9.09922200042896      103.63756838280351
H            1.35050363326495        8.06732649395401      102.38409576413711
22
 energy: -33.772675420982 gnorm: 0.000389916301 xtb: 6.5.1 (579679a)
C            1.53285754039326       11.28670956297351      106.50472571436687
C            1.05031374507189       11.24647088813088      105.20914325255505
C           -0.15050782084386       10.61391128538791      104.91680883387153
C           -0.87693079463012       10.04620479393648      105.95538320161840
C           -0.41507198641281       10.09913802953777      107.25923174103681
C            0.81781736222610       10.69982382458981      107.53578286089454
H            2.47136708066525       11.76367144968100      106.73816832154078
H            1.61996132930444       11.70361044914734      104.41457632742522
H           -1.82334717705291        9.56218615663625      105.76996543431089
O           -1.17293721785908        9.53642362613908      108.26056153637154
H           -1.00674255771028        9.99852537722951      109.09190621622587
O            1.32287210561847       10.73797294973437      108.81397669231357
H            0.97450100266993        9.99502316864677      109.32271953245068
C           -0.64586546931543       10.50010916495853      103.50394765122725
H           -1.72748771859846       10.64073700603817      103.47502794781188
H           -0.17234018562638       11.25694127210540      102.87890058571845
C           -0.31441413854991        9.11895796562590      102.92183450635113
H           -0.77846460473487        9.02060810839266      101.93609451642273
H           -0.74280252838130        8.34378074785209      103.58051315940726
N            1.12209732142159        8.99193097263044      102.74243897272383
H            1.59054492564566        9.10422553811997      103.63633871733879
H            1.35457978669871        8.07303766250618      102.38195427801655
22
 energy: -33.772677228334 gnorm: 0.000481056151 xtb: 6.5.1 (579679a)
C            1.53363519864055       11.28393748744602      106.50430358231300
C            1.05080702790317       11.24361460570216      105.20880898224303
C           -0.15128596513781       10.61316797602764      104.91725886322391
C           -0.87826304091807       10.04706507886704      105.95631621106419
C           -0.41603490960082       10.09995081283032      107.25999823037780
C            0.81767243632541       10.69928054039415      107.53595512377524
H            2.47304019334791       11.75937193341851      106.73721480991173
H            1.62124544732483       11.69899504842677      104.41378818531228
H           -1.82538791201044        9.56430397273156      105.77118885990549
O           -1.17424714418576        9.53875133605611      108.26195189629811
H           -1.00781038856163       10.00173596212072      109.09261930252784
O            1.32266046675875       10.73833398875842      108.81414976556016
H            0.97410554632494        9.99623522027647      109.32380306043858
C           -0.64721200403876       10.49909579134601      103.50463128833553
H           -1.72909435226794       10.63751123449149      103.47652245944927
H           -0.17566846333981       11.25719108657901      102.87968843108847
C           -0.31332134110141        9.11901937928264      102.92143011145677
H           -0.77829204621146        9.01995056814082      101.93614819662599
H           -0.73936852286603        8.34278030232635      103.58035703145809
N            1.12324417846638        8.99507703822864      102.74054292408131
H            1.59232254963018        9.10770810415217      103.63409682931882
H            1.35725304551770        8.07692253239708      102.37922585523398
22
 energy: -33.772679905270 gnorm: 0.000393013578 xtb: 6.5.1 (579679a)
C            1.53430116767268       11.28075729024519      106.50414547023939
C            1.05139706530500       11.24004351950633      105.20866342124573
C           -0.15205912745749       10.61186033707268      104.91789928497774
C           -0.88007080669802       10.04814657579962      105.95751991156256
C           -0.41786955521811       10.10159311955272      107.26118186193091
C            0.81692626194512       10.69906063520230      107.53643460315560
H            2.47463668005132       11.75456242336457      106.73655787569157
H            1.62283075976412       11.69333332523151      104.41315981283650
H           -1.82804705409400        9.56688984650399      105.77269622070682
O           -1.17685185921614        9.54293023518776      108.26383612932480
H           -1.00776223158315       10.00535090433816      109.09424266279042
O            1.32152673333087       10.73933458208247      108.81493158041818
H            0.97444835767486        9.99649407992229      109.32467499437071
C           -0.64850009582549       10.49770302441679      103.50544953627151
H           -1.73067796270941       10.63379839986975      103.47812152390729
H           -0.17895767532359       11.25724027477358      102.88075932166551
C           -0.31190152636737        9.11882095187296      102.92107238667374
H           -0.77870426029678        9.01887835491107      101.93669268271486
H           -0.73460042367741        8.34114872344942      103.58051137904899
N            1.12457200986937        8.99874749822422      102.73711442490742
H            1.59511161491958        9.11174526527632      103.62987012214690
H            1.36025192793394        8.08156063319634      102.37446479341263
22
 energy: -33.772683447726 gnorm: 0.000206866720 xtb: 6.5.1 (579679a)
C            1.53506031012300       11.27616635897034      106.50418559241635
C            1.05210135180660       11.23467326221807      105.20873441611917
C           -0.15333173975901       10.60972841349580      104.91910169504857
C           -0.88305447106120       10.04991583004822      105.95959276255508
C           -0.42097485496509       10.10454577042909      107.26328246593728
C            0.81559077673364       10.69885152374327      107.53741342610792
H            2.47691348656138       11.74735765385995      106.73580542111172
H            1.62489503030036       11.68490444394516      104.41245892382948
H           -1.83248266971424        9.57118887162278      105.77545146231357
O           -1.18182634720170        9.55085709831222      108.26698180631648
H           -1.00713089440356       10.01144444519976      109.09737818961885
O            1.31969732485185       10.74049240485289      108.81637861314799
H            0.97555393210499        9.99555699298010      109.32538459973438
C           -0.65016334447730       10.49518916772969      103.50680712210355
H           -1.73278227645172       10.62777732398655      103.48039280834256
H           -0.18354692325015       11.25692014882414      102.88254988036994
C           -0.30965412551745        9.11815811522291      102.92031775183031
H           -0.77955425671299        9.01684242856418      101.93748824542850
H           -0.72670508123868        8.33821447515865      103.58074441365774
N            1.12664382864924        9.00444717151455      102.73110042743080
H            1.59986287317366        9.11788697455797      103.62239893930347
H            1.36488807044828        8.08888112476381      102.36605103727616
22
 energy: -33.772685578103 gnorm: 0.000191449264 xtb: 6.5.1 (579679a)
C            1.53590027400083       11.27138070765469      106.50409915328503
C            1.05258694316559       11.22933238780530      105.20879433848744
C           -0.15476496543778       10.60743025670211      104.92030100675680
C           -0.88622402259819       10.05182674911543      105.96178605584753
C           -0.42413633116616       10.10785992542371      107.26548459266616
C            0.81452867311314       10.69832490033092      107.53834911685928
H            2.47912827367012       11.74020722142212      106.73489176942213
H            1.62642267676326       11.67682276199204      104.41172252047754
H           -1.83713881004269        9.57568629285905      105.77863041682876
O           -1.18706404715601        9.55953764805414      108.27028399817557
H           -1.00660738721299       10.01814932268045      109.10064433036990
O            1.31853752846287       10.74063401934627      108.81758046866705
H            0.97621121933337        9.99426033401469      109.32590813675382
C           -0.65206479418605       10.49259064946091      103.50821265754307
H           -1.73514457660694       10.62160852242561      103.48267915258690
H           -0.18836584471291       11.25647222224731      102.88439700635051
C           -0.30709906108463        9.11748524172656      102.91966617508021
H           -0.78003865514338        9.01491362594217      101.93844309219224
H           -0.71843200436353        8.33516296007834      103.58086945505499
N            1.12899097760313        9.01016403336379      102.72508259629579
H            1.60493369006744        9.12378284804239      103.61489712453675
H            1.36984024353136        8.09636736931210      102.35727683576209
22
 energy: -33.772686324369 gnorm: 0.000190700755 xtb: 6.5.1 (579679a)
C            1.53645308496868       11.26861969444976      106.50388772538777
C            1.05268163148001       11.22646488036187      105.20878662834384
C           -0.15575317301540       10.60627350749165      104.92102450874800
C           -0.88803107961556       10.05299625515912      105.96312271784950
C           -0.42564269305121       10.10961443122996      107.26672876824159
C            0.81429702197020       10.69769515479867      107.53876908775527
H            2.48068886290567       11.73577632982495      106.73403419609539
H            1.62697943461696       11.67243045109400      104.41119018439365
H           -1.83993029418977        9.57853139712617      105.78074807435401
O           -1.18982202941282        9.56447395686334      108.27221207824712
H           -1.00686902928579       10.02254423964641      109.10237634130557
O            1.31872634816145       10.73980952765014      108.81790017283566
H            0.97575992209321        9.99376046952869      109.32634483103357
C           -0.65314807535305       10.49100471676879      103.50901885821999
H           -1.73651159918675       10.61754987405142      103.48392288500973
H           -0.19140394002938       11.25630654038049      102.88544360265269
C           -0.30565269516022        9.11702614960332      102.91923167161090
H           -0.77998203615967        9.01371149525097      101.93876264789020
H           -0.71369116695477        8.33327853820042      103.58078085370322
N            1.13036268119587        9.01374987745965      102.72205794310402
H            1.60763002413256        9.12728254359342      103.61115863865986
H            1.37285879988966        8.10109996946684      102.35249758455815
