21
 energy: -28.400753244014 gnorm: 0.232878223629 xtb: 6.5.1 (579679a)
C           15.76000000000000       23.59000000000000       71.11000000000000
C           16.95000000000000       24.13000000000000       71.58000000000000
C           17.62000000000000       23.51000000000000       72.67000000000000
C           17.00000000000000       22.42000000000000       73.38000000000000
C           15.72000000000000       21.95000000000000       72.94000000000000
C           15.23000000000000       22.55000000000000       71.76000000000001
C           18.93000000000000       24.05000000000000       73.02000000000000
C           18.88000000000000       25.17000000000000       74.04000000000001
C           19.97000000000000       22.97000000000000       73.41000000000000
O           20.30000000000000       22.58000000000000       74.48000000000000
H           15.26000000000000       23.99000000000000       70.22000000000000
H           17.42000000000000       24.93000000000000       71.01999999999998
H           17.45000000000000       22.04000000000000       74.29000000000001
H           19.31000000000000       24.57999999999999       72.14000000000000
H           18.77000000000000       24.76000000000000       75.06000000000000
H           18.05000000000000       25.88000000000000       73.93000000000001
H           14.30000000000000       22.22000000000000       71.30000000000000
H           15.25000000000000       21.13000000000000       73.46999999999998
H           20.51000000000000       22.67000000000000       72.48000000000000
H           19.80000000000000       25.77000000000000       74.02999999999999
H           21.23212749000000       22.50135740000000       74.69576303999999
21
 energy: -28.437289530812 gnorm: 0.091803171841 xtb: 6.5.1 (579679a)
C           15.75860042446666       23.59241264299303       71.11179028572334
C           16.97061344385981       24.09499584036631       71.55605466114464
C           17.60399111273853       23.50441220905427       72.65353814704224
C           16.98361353686420       22.45235955302494       73.35917063878850
C           15.74644085044753       21.96414668215511       72.91975690807301
C           15.19642927375404       22.53464141112024       71.77371424247201
C           18.93787391238304       24.07291591793390       73.02672701251927
C           18.88184987349271       25.17187934535165       74.08309018942371
C           19.97966716560046       23.04468532962684       73.37239241679593
O           20.29480758378795       22.68339946331174       74.51854672975541
H           15.27047946337801       24.00467145465382       70.23629901827660
H           17.42725782345389       24.92601218607211       71.03482610688143
H           17.44773284980413       22.04726510189156       74.25105967067223
H           19.33245914064493       24.54543487290213       72.11920271876045
H           18.76109578090877       24.76668656742445       75.08959224717945
H           18.04611314331103       25.85412513640328       73.91299705793094
H           14.27434596328302       22.16870806651749       71.33723543839582
H           15.27099972212542       21.15663344317776       73.45688510688611
H           20.49988258579063       22.64667063199535       72.47364358369610
H           19.79721326387975       25.76596261589523       74.04910820770409
H           21.23066057602545       22.39333892812874       74.69013265187844
21
 energy: -28.447281827856 gnorm: 0.055909447610 xtb: 6.5.1 (579679a)
C           15.76279588731104       23.58630664366973       71.11275085629264
C           16.98768285645914       24.06890710485423       71.53815802158537
C           17.61301116385298       23.49602236883799       72.63408684525304
C           16.99958800036659       22.46779845340255       73.33360447009088
C           15.77109954704662       21.99302190428012       72.91244968099218
C           15.17457152224738       22.52467069631989       71.78328394805020
C           18.97090560667846       24.09038888237350       73.03187028846175
C           18.87353887636945       25.17373680851533       74.11356395322663
C           19.97450355376787       23.08257321582437       73.33791225686200
O           20.27781822267200       22.77880753543669       74.53629224902851
H           15.27471591577619       24.02061631649205       70.25651569892956
H           17.43848554075264       24.90505099745060       71.02568412259134
H           17.46152388834243       22.05201008379339       74.21896344423446
H           19.34538696083617       24.54057395091039       72.10241023064049
H           18.74005778811515       24.75681884598191       75.10358437871496
H           18.03279249943135       25.83266005042854       73.90145922634507
H           14.24735526678128       22.13501692881265       71.38778223852449
H           15.29229912374687       21.19076645844532       73.45242405234401
H           20.49883381304769       22.61828432789907       72.48644901640014
H           19.78440973435252       25.76549165915019       74.09059026956054
H           21.19075172204618       22.31183416712148       74.66592779187178
21
 energy: -28.450430622579 gnorm: 0.030712611567 xtb: 6.5.1 (579679a)
C           15.76117756533234       23.58558248169894       71.11240833631548
C           17.00490125068533       24.05048493648809       71.50749727973678
C           17.63417876095422       23.48890553806721       72.60523598331991
C           17.02150724106402       22.47801728552076       73.31979367825791
C           15.78731777422740       22.00923836512991       72.91275718836911
C           15.16076025657484       22.53184877539502       71.79693664509098
C           19.00029097721905       24.09776429653496       73.02396144790693
C           18.86027156385839       25.15997005469063       74.12894897475911
C           19.98369204343583       23.08623487992943       73.31385332683729
O           20.27045352842181       22.77887846305068       74.52398826163632
H           15.26643125142120       24.03644199936033       70.26926952501684
H           17.45408428691864       24.87963361197313       70.98575448376107
H           17.48597184626500       22.05708489869952       74.19934446044303
H           19.35637981595604       24.55870832494210       72.09242968941528
H           18.70291483684193       24.72350334232003       75.10754507905651
H           18.01820457165473       25.80700928826827       73.89579415331873
H           14.21793500751869       22.13736720863026       71.44413337542315
H           15.30548471780052       21.21928806278992       73.46780422786679
H           20.50854951240886       22.60436135909486       72.48518704271135
H           19.76721375724383       25.75784194923407       74.14453520887260
H           21.14440692419728       22.34319227818181       74.68858467188484
21
 energy: -28.453291856417 gnorm: 0.030063699578 xtb: 6.5.1 (579679a)
C           15.76418251524734       23.58138572742844       71.11060565425646
C           17.02151476771571       24.04005663931003       71.47076042060336
C           17.66543748856678       23.49275886312386       72.57165856846419
C           17.06179758206524       22.48871116807500       73.30979311621634
C           15.81170208617809       22.02346339996139       72.92177752279561
C           15.16218686754270       22.54274885654128       71.81499753635808
C           19.03268665888153       24.12804584429169       73.00888744302979
C           18.83240602562497       25.15723518607901       74.13742655984160
C           19.99906119448705       23.11058489415662       73.30857166517526
O           20.27142429306167       22.80202765696008       74.52287980987948
H           15.26005756360618       24.04155415874920       70.27556633870476
H           17.47073344013860       24.84921645625839       70.91975186533715
H           17.53058575885236       22.06759282225885       74.18490450237412
H           19.36121877028084       24.61640142211601       72.08158817245730
H           18.64127509481747       24.68102893736800       75.09789485486081
H           17.98987287320112       25.79422750333121       73.89411636990323
H           14.20189348548882       22.14718816037273       71.51004771166018
H           15.33478452635637       21.24172423821521       73.49425032193000
H           20.46632536672959       22.53919571315185       72.48973756248022
H           19.73364641127214       25.76661250295147       74.21893818329271
H           21.09933471988539       22.27959724929965       74.68160886037937
21
 energy: -28.455512076617 gnorm: 0.026213188657 xtb: 6.5.1 (579679a)
C           15.77481067821433       23.57406236914432       71.10986874103781
C           17.04026559465718       24.02889284470709       71.44011872330249
C           17.68982580875615       23.49601342984188       72.54694063380911
C           17.09490216672381       22.49862278115597       73.30588690149207
C           15.83095452037365       22.03934056496646       72.94139974722172
C           15.17293339112340       22.55822897378684       71.83957122758112
C           19.04989469583434       24.15637743620163       73.00182269177192
C           18.80387484540180       25.15265158195356       74.14172726729046
C           19.98908224039318       23.11178247460743       73.29951205140505
O           20.26817203399924       22.80394121380506       74.50863870012374
H           15.26785108177218       24.03000336999104       70.27310044419366
H           17.49463084478101       24.81357881467363       70.85494840659703
H           17.57037687423538       22.08233474656447       74.17824497482768
H           19.36860011330575       24.66837569918035       72.08521516351387
H           18.57878883812850       24.63995104085303       75.08014563762508
H           17.97032141250548       25.79380966560945       73.88890036722087
H           14.20307047487018       22.16566375348451       71.57005867079049
H           15.36500237992831       21.26206418992446       73.52876368624963
H           20.43479663142657       22.54003953128899       72.49121780049539
H           19.69857030191941       25.76668457966077       74.28722490482055
H           21.04540256165013       22.20893833859899       74.65245629863040
21
 energy: -28.457312668753 gnorm: 0.024320623697 xtb: 6.5.1 (579679a)
C           15.79361194131413       23.56359583177972       71.10797690470490
C           17.06322995127350       24.01510901675886       71.41883862068127
C           17.71109303792204       23.49923268531699       72.53432430294943
C           17.12226095172795       22.50801746291039       73.30622049452050
C           15.85496456332006       22.04758111445619       72.95928371689214
C           15.19374929469196       22.57181385491130       71.86249555101048
C           19.05403161141840       24.18677074635654       73.00018854603384
C           18.77662188051604       25.14752868533132       74.14795091910739
C           19.97627141807968       23.12017611319648       73.28698494099423
O           20.26636867386460       22.81388696433026       74.48808030403003
H           15.28280485867984       24.00923991546048       70.26695683660900
H           17.51976154901156       24.78304410316874       70.81042388346191
H           17.60567799189980       22.10144861898259       74.17880456829310
H           19.37762408931248       24.71823660110368       72.09945454650433
H           18.52655392274530       24.60950195631934       75.06257121338950
H           17.95512699041668       25.80243768789914       73.88955982414754
H           14.21569367529223       22.19432714717244       71.61649735908915
H           15.39827576385352       21.27597607152581       73.56008690105106
H           20.37345651014784       22.51647614017583       72.46949136865348
H           19.66098674176077       25.75870446518127       74.34194820173413
H           20.98396207275161       22.14825221766253       74.61762403614252
21
 energy: -28.458759683662 gnorm: 0.017875695960 xtb: 6.5.1 (579679a)
C           15.81581578374404       23.54509700228042       71.10007383651980
C           17.09115010090287       23.99299637509091       71.39649034585291
C           17.73382804338942       23.50094358326137       72.52492311752901
C           17.14423092566767       22.52032832325384       73.31067829746139
C           15.87733271568479       22.05732682108392       72.98125894574021
C           15.21301791377275       22.58016815868339       71.88503987554671
C           19.05124635713404       24.21468081059236       72.99699932825077
C           18.75705028900942       25.13902413400125       74.16055035672525
C           19.95975555977121       23.12678586377088       73.26368039864877
O           20.26011163058725       22.81002783073551       74.45567189711153
H           15.29895993092276       23.97398461790048       70.25416035280992
H           17.54714304055599       24.75058488788010       70.77659317228606
H           17.63404043844628       22.13234090091326       74.18967898168715
H           19.38904895315589       24.76654861366869       72.11559302591144
H           18.47367245649363       24.57939112522145       75.04950923481537
H           17.94761994442614       25.81201188093105       73.89689945692544
H           14.22386948642554       22.22375902162620       71.65444092459919
H           15.42232420186261       21.29687151980475       73.59650856474974
H           20.32697070055887       22.53477317341464       72.43289007865380
H           19.63277185745006       25.74132957376542       74.39951675390961
H           20.91216716003871       22.09238318212011       74.58460609426582
21
 energy: -28.459613048515 gnorm: 0.022995585270 xtb: 6.5.1 (579679a)
C           15.84256343135196       23.51784810349604       71.08845346861837
C           17.11877517030446       23.96965637445915       71.37615904141651
C           17.75757068270407       23.51075564916005       72.52172960287973
C           17.16495753586572       22.54220730621342       73.32278984501063
C           15.90146890957844       22.07210235451387       73.00701219532762
C           15.23472608522988       22.57752149442370       71.90366070393858
C           19.04780377271377       24.25196217372946       72.99357624825629
C           18.74127251331871       25.13984264938340       74.18315242447760
C           19.94335882666185       23.14302806824309       73.22906945398854
O           20.24883411143053       22.80715695587418       74.41438620017169
H           15.32250544054617       23.92341035504887       70.23444928579696
H           17.57603173789677       24.71494914303888       70.74435285551685
H           17.65887753805310       22.17478998459306       74.21033298080495
H           19.39235640311163       24.82783983335384       72.12947250153225
H           18.42448624186892       24.55241093731530       75.04275694661889
H           17.94360657162687       25.83055684341129       73.92257150424994
H           14.23895021718699       22.23387937112087       71.68036164166851
H           15.44350793643355       21.32465013226043       73.63508399501187
H           20.26792936618756       22.54226703798020       72.37837614443676
H           19.61346679912495       25.72551349347154       74.46658183335964
H           20.82907819880413       22.00900913890932       74.54143416691768
21
 energy: -28.460371893252 gnorm: 0.012134394342 xtb: 6.5.1 (579679a)
C           15.86327713902597       23.49217919405767       71.07630026058598
C           17.13352764104282       23.95329723965884       71.36942850440366
C           17.76620320437560       23.52301997848701       72.53146395172038
C           17.16652916188315       22.56322914992881       73.34137221551445
C           15.90913085525692       22.08541298531857       73.02744302192075
C           15.25055075133149       22.56585362331551       71.90804633867437
C           19.03452221426156       24.27443304125969       72.99331352980469
C           18.74272242917307       25.13985173763298       74.20690906623346
C           19.92701703914003       23.14953128767992       73.19577983328544
O           20.23773023285369       22.78351746107962       74.37288097492701
H           15.34573558186120       23.87398018195979       70.21120354597619
H           17.59694173466484       24.68819567504163       70.73127315182653
H           17.65948353983235       22.21365908900914       74.23847268170117
H           19.38223809671151       24.86999499996433       72.14226203789651
H           18.41042476908247       24.53665319944489       75.04557863410723
H           17.95611854037747       25.84901533988772       73.96090601038229
H           14.25665682283833       22.22621480142766       71.67298313675320
H           15.44352549039925       21.34837329243127       73.66088467547225
H           20.23820981945000       22.56978638454508       72.32213593081458
H           19.62019080616266       25.70006086919357       74.50698315871597
H           20.77139162027553       21.98509786867621       74.51014237928391
21
 energy: -28.461008639996 gnorm: 0.012844187432 xtb: 6.5.1 (579679a)
C           15.87812010765166       23.46712014487466       71.06564741455074
C           17.14399734023086       23.93841834501407       71.35871798215936
C           17.77107376402307       23.53757818857611       72.53806179941314
C           17.16734807054651       22.58853229157532       73.36097800907380
C           15.91739572954250       22.09475328328651       73.04106761781374
C           15.26359406526640       22.54822153771729       71.90653908918331
C           19.02829361780092       24.30142385099145       72.99559734677207
C           18.75006414511657       25.14515915969909       74.23084805240295
C           19.90789063459057       23.15945156799165       73.16703683724805
O           20.21776336356677       22.76315029332937       74.33690970524871
H           15.36532264372676       23.83012594547638       70.18948740736546
H           17.61064690352356       24.66469259661238       70.71196781038265
H           17.65365847771074       22.25555718861299       74.26777781967843
H           19.36516685256185       24.91472354217987       72.15251434995342
H           18.40543418814350       24.52592767033764       75.05321484015029
H           17.97519484110105       25.87019908521930       73.99567240656080
H           14.27264724898033       22.19917672987247       71.66820904842336
H           15.44660718765236       21.36785938012980       73.68401346019567
H           20.21984541654644       22.60893165259916       72.28510503026037
H           19.63844215582199       25.68037332054403       74.54706934788274
H           20.71362073589556       21.92998162536036       74.46932766528066
21
 energy: -28.461935639797 gnorm: 0.014568173017 xtb: 6.5.1 (579679a)
C           15.89403732375913       23.43769510356145       71.05472775398080
C           17.15080943895887       23.92466763423804       71.35569466086686
C           17.76761863814946       23.55515817687115       72.55341251958666
C           17.15794360421736       22.61815008142862       73.38724756000826
C           15.91811349730429       22.10203068956519       73.04954588787615
C           15.27696336687799       22.51805135058398       71.89248673177444
C           19.02034270702824       24.33297792908980       73.00552668391153
C           18.77352007382931       25.15838137663632       74.26177387254047
C           19.87756492329078       23.17179116643407       73.13805445428751
O           20.18994841359683       22.74273988448559       74.29952024629368
H           15.39276316122877       23.78266333280066       70.16388734860058
H           17.62107730311045       24.64535716087890       70.70429626637916
H           17.62781724684162       22.30389243580198       74.30743402966131
H           19.33124561889118       24.95993715277744       72.16479654485289
H           18.42429075091059       24.52960297210215       75.07300012420164
H           18.01471658261992       25.90426587514046       74.04666007712787
H           14.29816018111578       22.13978081435962       71.64189454206844
H           15.44403384221396       21.38071576467743       73.69646564391671
H           20.18961963751394       22.64262647392297       72.24467285970131
H           19.68453226227423       25.65716687109668       74.57868817771310
H           20.65700891626726       21.88370515354741       74.40597705465035
21
 energy: -28.463158563705 gnorm: 0.016919074234 xtb: 6.5.1 (579679a)
C           15.92098839287787       23.39448195079099       71.03711035879225
C           17.16012393984317       23.90924655958634       71.35788288955749
C           17.75837417317843       23.57758595912273       72.57868594123156
C           17.13856245090995       22.65564973775718       73.42357509417323
C           15.91392047706458       22.10917574554867       73.06144556418640
C           15.29785716093907       22.47499851652926       71.87174827549634
C           19.00837455857941       24.37640259036405       73.02023702521910
C           18.81020327938820       25.17693381244580       74.30391654507996
C           19.83386714337675       23.19031743045355       73.09929104450509
O           20.14434685907746       22.70675730997760       74.24533721885484
H           15.43703995668383       23.71532422050213       70.12563581417528
H           17.63503327276559       24.62366617791712       70.70190653138812
H           17.58273336463775       22.37061795323499       74.36550596868430
H           19.28394700695712       25.02002085089776       72.18238342035610
H           18.45737308464304       24.53865574084378       75.10651977701077
H           18.07445014121477       25.95477604276926       74.12452830774868
H           14.33945120325379       22.05235778095654       71.59988094470249
H           15.43547779560436       21.39501061250864       73.71427682965044
H           20.14664919518566       22.69120861017859       72.18718533551139
H           19.75141363845507       25.63068451036672       74.60923174943741
H           20.58194039536411       21.82748528724817       74.30947840423885
21
 energy: -28.464450740116 gnorm: 0.018364251100 xtb: 6.5.1 (579679a)
C           15.95738429924197       23.34669643142957       71.01804016092701
C           17.17726384317096       23.89116507474224       71.36234816259014
C           17.74964999640943       23.59666441425348       72.60753113646686
C           17.11562102170264       22.69092048143806       73.46042814669529
C           15.90802199190237       22.11659829813240       73.07695102414837
C           15.32519974877308       22.43391879691738       71.85537541689735
C           18.99398420292795       24.42316688121224       73.03877762756831
C           18.84572931847176       25.19389520511844       74.34711129830349
C           19.78263412783509       23.21086271683588       73.05826532544928
O           20.08887012766426       22.66689677075407       74.18425520191984
H           15.49425902118380       23.63843896683504       70.08374404417604
H           17.65738313073564       24.59795046225175       70.70138347614737
H           17.53576132274214       22.43586545530931       74.42257195037473
H           19.23759682980564       25.08388713270194       72.20662715751278
H           18.49911295143907       24.55156466014274       75.14539952338883
H           18.13138295975402       26.00166281441382       74.21259150889223
H           14.38918806977418       21.97177790132641       71.56174224669488
H           15.42382294485583       21.41153563162771       73.73578798072401
H           20.09280248901084       22.74615537658695       72.12292837204171
H           19.81006800595019       25.61072647723869       74.62946982487460
H           20.49639108664908       21.77100745073171       74.19443345420683
21
 energy: -28.465875055874 gnorm: 0.013541565872 xtb: 6.5.1 (579679a)
C           15.99886125050115       23.30127067354729       71.00181987254764
C           17.20218327111605       23.87108314802106       71.36581964226556
C           17.74623618872155       23.60494358502991       72.62873491654308
C           17.09418428791427       22.71746744300227       73.48837794542369
C           15.90165914080664       22.12418632775569       73.09364502354063
C           15.35462985823392       22.40386937834326       71.84933661773952
C           18.98326186947272       24.46588725874989       73.05631464075979
C           18.87368711755968       25.20274953043229       74.38200134357332
C           19.73049868917895       23.23308696643210       73.02208870934801
O           20.02540629364514       22.63233520020042       74.12584807968358
H           15.55628094834566       23.56557469261654       70.04994098524767
H           17.68660852572454       24.56937573118442       70.69895803679411
H           17.49656656924463       22.48853336670210       74.46390644018091
H           19.20421204783736       25.14058236593190       72.23309883412412
H           18.52831728205024       24.54943258319526       75.18065854786924
H           18.17665931870700       26.03118408092043       74.28821264977260
H           14.43579938526753       21.91801871976431       71.54574476701841
H           15.40947319884915       21.43199993149938       73.76101240862664
H           20.04117165185494       22.80199126964202       72.06738772918865
H           19.85422733447173       25.59836699566510       74.64839731073461
H           20.41220326049712       21.73941815136414       74.07445853901775
21
 energy: -28.467084660995 gnorm: 0.015212725898 xtb: 6.5.1 (579679a)
C           16.04806340023523       23.24997113352479       70.98377247147349
C           17.23756987185659       23.84084997676025       71.36124059536776
C           17.75295626425273       23.61722420754200       72.65067982293020
C           17.08222595166904       22.75131120333224       73.52107256224895
C           15.90716693076714       22.13803715977854       73.11911135446091
C           15.39283887280427       22.37918054548103       71.85176407095780
C           18.96912526165392       24.51697787076210       73.07733966979434
C           18.88689766859563       25.20937490042786       74.42017983596058
C           19.67430364513768       23.25500584842119       72.97940002427960
O           19.95461073694645       22.58471913559588       74.05533836037065
H           15.62411814244090       23.47708005393224       70.01366524755119
H           17.72815386925915       24.52443714441509       70.68421289409829
H           17.47751653921778       22.54952418689606       74.50637598507234
H           19.17581335370293       25.21437828497551       72.26973926730679
H           18.56395914678196       24.55037336802358       75.21394058373660
H           18.20065013678741       26.05129798970113       74.36777284352931
H           14.48517336694624       21.88714253875973       71.54203764276016
H           15.40677477812558       21.46113716731764       73.79382858358208
H           19.97715271558393       22.86755587648372       72.00032507061542
H           19.86928035592256       25.59184751784410       74.66897953098449
H           20.29777648131277       21.67393129002512       73.94498662291873
21
 energy: -28.467910979476 gnorm: 0.014324517069 xtb: 6.5.1 (579679a)
C           16.08062541666817       23.22077110987143       70.97846057520880
C           17.26488188090467       23.81845923597973       71.35940763126698
C           17.76279228653137       23.61689907476157       72.65671970670680
C           17.07106655841255       22.77570195844952       73.53958162217137
C           15.90954335176391       22.15329657600229       73.13697398506473
C           15.41672075317694       22.37457446278241       71.86116577831351
C           18.95996275967565       24.53957360292793       73.09095797794254
C           18.88749556121035       25.19866686187452       74.43900171233786
C           19.63320881783203       23.26917096078471       72.95388464630662
O           19.89649806688833       22.56014215142437       74.00831255264356
H           15.67526836722535       23.41440230902801       69.99677427893232
H           17.76605161276589       24.48523012348765       70.67385832621370
H           17.47017144160337       22.59052651367445       74.52525864042271
H           19.16983086665039       25.24740584792330       72.29635285583335
H           18.59080589102743       24.52677001748805       75.23241694463135
H           18.19861577092693       26.03501263022166       74.41302647162669
H           14.51287199092599       21.88846367672544       71.54990418751193
H           15.39774507360835       21.49151041877735       73.81598695186781
H           19.95494922662021       22.93030754430114       71.96953321951484
H           19.86714041007819       25.58723844114708       74.68138614683906
H           20.22588138550388       21.66723388236719       73.84679882864312
21
 energy: -28.468282301128 gnorm: 0.020071443610 xtb: 6.5.1 (579679a)
C           16.11981316725659       23.17155192417009       70.96252332819250
C           17.29588833763623       23.78609267343655       71.34494320916360
C           17.77861069581477       23.63313717104509       72.66320231375582
C           17.06800379523577       22.82265680412706       73.56996910138221
C           15.91859653577367       22.17994877985317       73.16612859190418
C           15.44432312820910       22.35286487847953       71.86546324780991
C           18.94895346544721       24.58684691117930       73.10306561597214
C           18.89638357368727       25.19835327787441       74.48214453547763
C           19.58063760582440       23.29095366460900       72.90619383412255
O           19.83974837190870       22.52643341564653       73.93602344292503
H           15.73295032810777       23.32140095359770       69.96175461126232
H           17.81122621349645       24.42900185750099       70.64386087158233
H           17.45764246103148       22.67297085100098       74.57172244511814
H           19.14980290223505       25.31812161412981       72.32440587414273
H           18.58490758317460       24.47978782382642       75.25150536676524
H           18.21873928426577       26.05176346780029       74.48310757323662
H           14.54612315421157       21.84982970109495       71.54828722349313
H           15.39335768513897       21.53985646167887       73.85987604653401
H           19.90786407455389       23.00089633060313       71.90689888047180
H           19.89605882865059       25.55992855586112       74.75411783032071
H           20.12249629834007       21.61896028248480       73.72056909636716
21
 energy: -28.468973602119 gnorm: 0.010997388051 xtb: 6.5.1 (579679a)
C           16.12239522881711       23.17182354371581       70.96342586461293
C           17.29934778563892       23.78256853896703       71.34643134873279
C           17.78301392293996       23.62828155562088       72.66097027204582
C           17.06399792890005       22.82319157084141       73.56490555380272
C           15.91005341205805       22.18857179711358       73.16316520203894
C           15.43706568425418       22.35874122107598       71.86356694774457
C           18.95003228532956       24.57613803220326       73.11201001480430
C           18.89013379899188       25.19335195302122       74.48504263978931
C           19.58436247448074       23.29085576271687       72.91145976474938
O           19.85408395474078       22.52652773953872       73.93612686909103
H           15.73961135717555       23.32222425036885       69.96614254751779
H           17.82491157370282       24.41774238153697       70.64595713282733
H           17.44701696521825       22.67328781570363       74.56712667033811
H           19.14887926132689       25.30623915104246       72.33093804141825
H           18.60488540110998       24.48444952978855       75.25828429609111
H           18.19225163814340       26.02316139880148       74.49065695277150
H           14.53555432237267       21.85433789428020       71.54622237644837
H           15.37638688513068       21.55410996102624       73.85699369953036
H           19.92316822590164       23.01204848136264       71.91717655615437
H           19.87710409930427       25.57603945591422       74.73264960475221
H           20.14787128446249       21.62766536535971       73.70651068473870
21
 energy: -28.469383091684 gnorm: 0.009494912340 xtb: 6.5.1 (579679a)
C           16.13656941689476       23.15726266469018       70.96232116279303
C           17.31521837571194       23.76456802984044       71.34048303873639
C           17.79397570562875       23.62633711733356       72.66050474410427
C           17.05744712053345       22.83794679871364       73.56876624037199
C           15.89984879036720       22.20850330099105       73.17000943936137
C           15.43490253792187       22.36411964145447       71.86812461412906
C           18.94817294529511       24.57973947990439       73.12509953581876
C           18.88073932447148       25.18799199479390       74.49963196629967
C           19.57841060819754       23.29968769478589       72.90191873394105
O           19.85702105899698       22.50979659353848       73.91006335769909
H           15.76752603467158       23.28755644183061       69.95622743643298
H           17.85680938401044       24.38037826639903       70.63409467647185
H           17.43264332347277       22.69279350769996       74.57042085489829
H           19.14219808624383       25.31738903078797       72.34841985842803
H           18.62196603878169       24.46707933608092       75.26651147951938
H           18.16074478902670       25.99790539206581       74.51830237053152
H           14.52968327930688       21.86294850276484       71.55430947755980
H           15.35562397560024       21.58632043942998       73.86484960598675
H           19.93418861680979       23.04863713418684       71.90818295934332
H           19.85904470549890       25.59128552149648       74.73717987410392
H           20.14939337255795       21.62311051121139       73.66034161346897
21
 energy: -28.469716953325 gnorm: 0.013980128992 xtb: 6.5.1 (579679a)
C           16.16667184597981       23.12752498975770       70.95288402838047
C           17.34333935990467       23.73261560059915       71.33021214457511
C           17.81217214362491       23.61896622605910       72.65795621372791
C           17.05076882050119       22.85761793819200       73.57296181969795
C           15.88546076374390       22.24117822831410       73.17941490857062
C           15.43788061220403       22.37089322284937       71.87001322493217
C           18.94362763395983       24.58797908097220       73.14304278687597
C           18.86304925703521       25.17444221929527       74.52488209127961
C           19.56282082948146       23.31063948146088       72.88787817102619
O           19.87393009815841       22.50183937184154       73.87005640763917
H           15.81262737293864       23.23455813194447       69.94210853829155
H           17.90743800899359       24.31951418900038       70.61819972885478
H           17.40656352345308       22.73402918092717       74.58544443495397
H           19.13137736709340       25.33711898418061       72.37567700109580
H           18.64291175853566       24.42553755819651       75.27802955586203
H           18.10769454796915       25.95396016610290       74.56295240473916
H           14.52437841216381       21.88365324096398       71.56616554659873
H           15.31904568459946       21.64952239345795       73.88697499884782
H           19.93534810430158       23.09291582651539       71.89308171373560
H           19.82614075810692       25.61538801062184       74.75855320491742
H           20.15888058725113       21.62146335874726       73.56927411539759
21
 energy: -28.470034179032 gnorm: 0.005885539487 xtb: 6.5.1 (579679a)
C           16.16856297462140       23.12173318243314       70.94989618943902
C           17.34629083344763       23.72494705329843       71.33065485026604
C           17.80943732682597       23.61276856604924       72.66034069369906
C           17.04692585196158       22.85785533185392       73.57678788239882
C           15.87691818229115       22.24953278072139       73.18037503824657
C           15.43306742343936       22.37765334770539       71.86862915889560
C           18.93975956536002       24.58944906470739       73.13933610901830
C           18.86495632440541       25.16644835719077       74.52647407079630
C           19.56562883175652       23.31283656413273       72.88338056420575
O           19.88313154238641       22.50434195374295       73.86695162935027
H           15.81570584703847       23.22828141016111       69.93678776951533
H           17.91072920215978       24.31003807726384       70.61872448642134
H           17.40134540450417       22.73584530912794       74.58944571409661
H           19.11660184606691       25.34289950274979       72.37542624370838
H           18.66475171243109       24.41350828632332       75.28161251225323
H           18.09697923938935       25.93371605504976       74.57115568109440
H           14.52003533000062       21.89202591417731       71.56104285670293
H           15.30772927686227       21.66609811522870       73.88814735883228
H           19.94173316829982       23.09828965797536       71.88723525740176
H           19.82327527471984       25.62659234789908       74.75609816847955
H           20.17856233203205       21.62649652220818       73.57726080517818
21
 energy: -28.470272174192 gnorm: 0.004568581113 xtb: 6.5.1 (579679a)
C           16.17254697226339       23.11451614475270       70.94563959115715
C           17.35320485466691       23.71266304346207       71.33038133689406
C           17.80698072101360       23.60341508243917       72.66316776305217
C           17.04035845717825       22.85931321775643       73.58197191754967
C           15.86388663188311       22.26263658873881       73.18184024071138
C           15.42750368818109       22.38625651552965       71.86658443372599
C           18.93495593442842       24.59117879940833       73.13561142434889
C           18.86603525288393       25.15387648977731       74.52972095625289
C           19.57099418160488       23.31862210205141       72.87543556845390
O           19.89735745438234       22.51206757887780       73.85995072989513
H           15.82545643557767       23.21562720437779       69.92842264985336
H           17.92257072028204       24.28919838927614       70.61667420034149
H           17.39096962383876       22.74014039414633       74.59558015867127
H           19.09450634579533       25.35210495169609       72.37776230023800
H           18.70862348434634       24.38893983085502       75.28457146694386
H           18.07241694349580       25.89564259213575       74.59329255512588
H           14.51027077893805       21.90972480811144       71.55679280849962
H           15.28600621487488       21.69510096879772       73.89224261311212
H           19.94471102905430       23.10418128777147       71.87678688079465
H           19.81363839715195       25.64898913738655       74.74674543435655
H           20.20913336815881       21.63716227265178       73.58658801002152
21
 energy: -28.470384166553 gnorm: 0.005734000481 xtb: 6.5.1 (579679a)
C           16.17603032450036       23.10897987657033       70.94251129887880
C           17.35900753910267       23.70289609209377       71.32815082446633
C           17.80657298540452       23.59849884395639       72.66309500652322
C           17.03562951809710       22.86247424886829       73.58383677792393
C           15.85510635611467       22.27312296115473       73.18320708336360
C           15.42282297264121       22.39324904987511       71.86651347050935
C           18.93282345731510       24.59144669844218       73.13479819794375
C           18.86610945505621       25.14474790024935       74.53271463840159
C           19.57443698188776       23.32317918400713       72.87044297929012
O           19.90568598463591       22.51897335184764       73.85482828830777
H           15.83332053064506       23.20556353358878       69.92335009014606
H           17.93335950672479       24.27192703522920       70.61258425577235
H           17.38247498439895       22.74664190494556       74.59889827869416
H           19.08235570590576       25.35748321702006       72.38086137176683
H           18.74325242471839       24.36978044526863       75.28478832453794
H           18.05198562547433       25.86367744152021       74.61307457106545
H           14.50231284530085       21.92254909219792       71.55713263534665
H           15.27114365836660       21.71467907515878       73.89590415497828
H           19.94585337923525       23.10868178738174       71.87091530316127
H           19.80270818955115       25.66651065439024       74.73906457407659
H           20.22913506492328       21.64629500623370       73.58909091484557
21
 energy: -28.470509251778 gnorm: 0.004899177637 xtb: 6.5.1 (579679a)
C           16.17990450189746       23.10297194985340       70.93938679468782
C           17.36543706911587       23.69202679324489       71.32423369421406
C           17.80743027643964       23.59516393527957       72.66126253987426
C           17.03082866430950       22.86851684199726       73.58447981388304
C           15.84688174584505       22.28534639545215       73.18496986690559
C           15.41812472970154       22.40044626694177       71.86726451239913
C           18.93186469987086       24.59109674949607       73.13537123125104
C           18.86536860217018       25.13432728574884       74.53677698067349
C           19.57788086932253       23.32802128287897       72.86579110207502
O           19.91270714567155       22.52607367306643       73.84917061326014
H           15.84219577290109       23.19317474868375       69.91861319375266
H           17.94702769341620       24.25049162198680       70.60578533065852
H           17.37284384926442       22.75789068069111       74.60174337429555
H           19.07301310109937       25.36239208567007       72.38533619437037
H           18.78474094649159       24.34841566286735       75.28361702093888
H           18.02656455294546       25.82227070908930       74.63741609091258
H           14.49286982108088       21.93721880018474       71.56042951011385
H           15.25611783590567       21.73621383429355       73.90060060055959
H           19.94714364416935       23.11425180040166       71.86594858810354
H           19.78526613416402       25.68856985696303       74.73076142539081
H           20.24791583421769       21.65647642520900       73.58680456167951
21
 energy: -28.470618378029 gnorm: 0.004212722191 xtb: 6.5.1 (579679a)
C           16.18445741360208       23.09594594299520       70.93656297970657
C           17.37221023454417       23.68070604516388       71.31945250037941
C           17.80945859399874       23.59387018942103       72.65858559927985
C           17.02632815049153       22.87792315890616       73.58497500327857
C           15.83941534732715       22.29975717857191       73.18797006472035
C           15.41409199760638       22.40743460606340       71.86891946510036
C           18.93180510645966       24.59062684349494       73.13722552055384
C           18.86347464979665       25.12329040436243       74.54225582715844
C           19.58107213102999       23.33230262621995       72.86143122630227
O           19.91873452996692       22.52983879533422       73.84191218470056
H           15.85205315905257       23.17752047797025       69.91398506554027
H           17.96183642013157       24.22711850731229       70.59766685339125
H           17.36274809722508       22.77522957320591       74.60507600555549
H           19.06756473829581       25.36688675993306       72.39093056720050
H           18.82846623214770       24.32785912951043       75.28239109815001
H           17.99854182299570       25.77444670417692       74.66319706641806
H           14.48466403843121       21.95060388295586       71.56528262532309
H           15.24216590429805       21.75989562664289       73.90662533226886
H           19.94903707471085       23.12202884997497       71.86110623765907
H           19.76178275079578       25.71376921150547       74.72460168173438
H           20.26221909709232       21.66430288627857       73.57561013557806
21
 energy: -28.470697948973 gnorm: 0.003559911245 xtb: 6.5.1 (579679a)
C           16.18949411681591       23.08852464771123       70.93456613378659
C           17.37827025542085       23.67130659249568       71.31565531158436
C           17.81169977434985       23.59458488095074       72.65674935786642
C           17.02257066815304       22.88882127425246       73.58636504067695
C           15.83393837095610       22.31340296847489       73.19170416529997
C           15.41244212643070       22.41203233203390       71.87063296744297
C           18.93206808965154       24.59062228161468       73.13968282316252
C           18.86107033701622       25.11425772045886       74.54803971696049
C           19.58289668691996       23.33497458367225       72.85771927026748
O           19.92268953475051       22.52785446026300       73.83340158905774
H           15.86148510375996       23.16122307444864       69.91014799119831
H           17.97423357202760       24.20749193119797       70.59114367908450
H           17.35407835969552       22.79502423113055       74.60902958618271
H           19.06636358528066       25.37059745816008       72.39656811192818
H           18.86623797149833       24.31347515553771       75.28210754598737
H           17.97420309326469       25.73038370164135       74.68471937052877
H           14.48059084908089       21.95902290352908       71.56926835030009
H           15.23110871135757       21.78260563759380       73.91304618693674
H           19.95096893650956       23.13121645690711       71.85640124910488
H           19.73722470126780       25.73760437692706       74.72217652833366
H           20.26849264579263       21.66633073099870       73.55663806430903
21
 energy: -28.470750931265 gnorm: 0.002404521655 xtb: 6.5.1 (579679a)
C           16.19474263570065       23.08169004698013       70.93338475952108
C           17.38331443800455       23.66500302181395       71.31376956962846
C           17.81353913844604       23.59633345698554       72.65653965158060
C           17.01956438717469       22.89904851917599       73.58885499517581
C           15.83031913556603       22.32466594128856       73.19530111573967
C           15.41309366562882       22.41432088175863       71.87182135973234
C           18.93232408564064       24.59127499370825       73.14194822374598
C           18.85930469243182       25.10846578751233       74.55297980519202
C           19.58281427143608       23.33584687719888       72.85485353470065
O           19.92361272580995       22.52101898533294       73.82485881249880
H           15.86995745479019       23.14679253559252       69.90726700459108
H           17.98292745052986       24.19451292842216       70.58764882457911
H           17.34739136315330       22.81354537965085       74.61335591678096
H           19.06769959280075       25.37346504991448       72.40119959708608
H           18.89909886844724       24.30558183710604       75.28308467655509
H           17.95426719049864       25.69347664447585       74.70099803447420
H           14.48111779220725       21.96173670530903       71.57082117828065
H           15.22322749068267       21.80192123639414       73.91850214100336
H           19.95218176800800       23.13990786429918       71.85227624303199
H           19.71511861225951       25.76034765162138       74.72095590593202
H           20.26651073078322       21.66240105545889       73.53534169016972
21
 energy: -28.470773971082 gnorm: 0.001117826547 xtb: 6.5.1 (579679a)
C           16.19864796347315       23.07742327506377       70.93304874660309
C           17.38601875522230       23.66332482369366       71.31382818722022
C           17.81446796390165       23.59835528805143       72.65749156158253
C           17.01797130319035       22.90551035946571       73.59127808477452
C           15.82922376044012       22.33046787360531       73.19749322426824
C           15.41542834815748       22.41392895955766       71.87219415743849
C           18.93279743235452       24.59230551511824       73.14329060166898
C           18.85887649364333       25.10682620922880       74.55566180538899
C           19.58074366123794       23.33516133863708       72.85316614781026
O           19.92131830671979       22.51345835817969       73.81881656792521
H           15.87538337721927       23.13829837733372       69.90595653334901
H           17.98633266046298       24.19076284546977       70.58719114710952
H           17.34420373027373       22.82518313566882       74.61650937703865
H           19.07060989410288       25.37497501702165       72.40364890500571
H           18.91958860418501       24.30484806658692       75.28411217386457
H           17.94387452485080       25.67239037171523       74.70967798317787
H           14.48484426337030       21.95914340974008       71.57023253512872
H           15.21987715582579       21.81274705991850       73.92159191645106
H           19.95188211743536       23.14504596431653       71.84980421999748
H           19.70124992412084       25.77547125179766       74.72041966947653
H           20.25878724981230       21.65572989982952       73.52034949471998
21
 energy: -28.470761344938 gnorm: 0.004053549465 xtb: 6.5.1 (579679a)
C           16.20332249795035       23.07312299393675       70.93194299708250
C           17.38971860588172       23.66119923831886       71.31378068779429
C           17.81549624800626       23.59919113830671       72.65859379792870
C           17.01555281121867       22.91200319656047       73.59405974839444
C           15.82672811327007       22.33755157597264       73.19932934373259
C           15.41750449174257       22.41453166446572       71.87194208976156
C           18.93334423740692       24.59351748086530       73.14414911612661
C           18.85987179217748       25.10423572936686       74.55839339464815
C           19.57807155269778       23.33441883461424       72.85090888985722
O           19.91828197163628       22.50684011270738       73.81298442420267
H           15.88233242518608       23.12986993698993       69.90359325404205
H           17.99101320262156       24.18658937135687       70.58657856080144
H           17.33970242273999       22.83708731351474       74.62020393182611
H           19.07102752006541       25.37716236819448       72.40578463348592
H           18.95540797630912       24.29989987101409       75.28566378513443
H           17.92590563868515       25.64120344615106       74.72392758148673
H           14.48813438000452       21.95776471075659       71.56862731213482
H           15.21412463253879       21.82610964218378       73.92449483842805
H           19.95090248324751       23.14876550144107       71.84704497386436
H           19.68477485333080       25.80110916875389       74.71411120842507
H           20.25090963328287       21.64918410452835       73.50964847084187
21
 energy: -28.470783631179 gnorm: 0.001492162940 xtb: 6.5.1 (579679a)
C           16.20222654194242       23.07505092761069       70.93259396956169
C           17.38784231196111       23.66468718346557       71.31480720949619
C           17.81511451712930       23.59985915689086       72.65897990069745
C           17.01674225038320       22.90980151594235       73.59369532427573
C           15.82889554857375       22.33370670675050       73.19845633926171
C           15.41886201715669       22.41231695371496       71.87155955022796
C           18.93380279238736       24.59377750476999       73.14382518171512
C           18.86071983774875       25.10718994144607       74.55702776394969
C           19.57621505334201       23.33316955780560       72.85180592761564
O           19.91553582248574       22.50625525820172       73.81475537854175
H           15.88006882194796       23.13386739258557       69.90480228959063
H           17.98699086369082       24.19343574424944       70.58832384857030
H           17.34241253893246       22.83295889898277       74.61914607354827
H           19.07325427768108       25.37604512743395       72.40446215428912
H           18.94530291880100       24.30587696026764       75.28521919783279
H           17.93401464410587       25.65253351754226       74.71852037738078
H           14.49075846826015       21.95322572705269       71.56762871653399
H           15.21805149498906       21.81952265940108       73.92294519884470
H           19.94953182618789       23.14622665562420       71.84839038880430
H           19.68986879352884       25.79471010599656       74.71542796041045
H           20.24591614876449       21.64713990426530       73.51339028885134
21
 energy: -28.470788453956 gnorm: 0.000398693815 xtb: 6.5.1 (579679a)
C           16.20056645423078       23.07725572909515       70.93261610987322
C           17.38629034819626       23.66634238398090       71.31456374132389
C           17.81497269868116       23.59958582455974       72.65825775796017
C           17.01744848000546       22.90767263751505       73.59244282506053
C           15.82987032036690       22.33103469508555       73.19741922649339
C           15.41859460048130       22.41161530846539       71.87118622202453
C           18.93417650223638       24.59355050147583       73.14353756975052
C           18.86151404357507       25.10815328255613       74.55604426258060
C           19.57555148710745       23.33286999024936       72.85246203392879
O           19.91476790074224       22.50913005061023       73.81762604088296
H           15.87785253753450       23.13778765231116       69.90526117705470
H           17.98494610434510       24.19640963800009       70.58830536444256
H           17.34391988249808       22.82894964948977       74.61768320543096
H           19.07343940846334       25.37525145121820       72.40346061176167
H           18.93990967732023       24.30741143003289       75.28423526819880
H           17.93876617325769       25.65910119854506       74.71644661390599
H           14.49037621645834       21.95251832760351       71.56776914939405
H           15.22013751628596       21.81420760111358       73.92158825567425
H           19.94872002245613       23.14320685732553       71.84966768670689
H           19.69392565729204       25.79039613827140       74.71477747235996
H           20.24638145846553       21.64890705249521       73.52041244519128
21
 energy: -28.470790407949 gnorm: 0.000316326798 xtb: 6.5.1 (579679a)
C           16.20032750839718       23.07814731279079       70.93260216358858
C           17.38599319263254       23.66722000249004       71.31463776186622
C           17.81524075092564       23.59953353779599       72.65817448742413
C           17.01772066390062       22.90730283987866       73.59217568333850
C           15.83037203987009       22.33029846523777       73.19697533599768
C           15.41891842685603       22.41130694854304       71.87085593363945
C           18.93454213259386       24.59374596502104       73.14341113041770
C           18.86226150598711       25.10876133059087       74.55569602610258
C           19.57445733837734       23.33224498450699       72.85276077087542
O           19.91308479702617       22.50904842550074       73.81880273828422
H           15.87727237753474       23.13950922039112       69.90544467503379
H           17.98422406225534       24.19814874943318       70.58867874937590
H           17.34448414335777       22.82823639768053       74.61729417254149
H           19.07395928713633       25.37498025723582       72.40288337496945
H           18.94406032121086       24.30843833411004       75.28405676542575
H           17.93825104608342       25.65727833420032       74.71716943183550
H           14.49110714824820       21.95149109753545       71.56722306030478
H           15.22108623724769       21.81253294454900       73.92082498650353
H           19.94815357099480       23.14165344624618       71.85034790024753
H           19.69295573915247       25.79351662764829       74.71283135571809
H           20.24365520021167       21.64796217861387       73.52291653650910
21
 energy: -28.470792221567 gnorm: 0.000296029251 xtb: 6.5.1 (579679a)
C           16.19977546896482       23.08001710090583       70.93264336045422
C           17.38568714923991       23.66839172298970       71.31462652790560
C           17.81593827734197       23.59908379459982       72.65792016338419
C           17.01844185200910       22.90637805337395       73.59170528779350
C           15.83128497567474       22.32908716915004       73.19635744980771
C           15.41918523052454       22.41141131178025       71.87048105123365
C           18.93527898602951       24.59381996915219       73.14295485353603
C           18.86288921594189       25.10949650030809       74.55489383736506
C           19.57324188054418       23.33112177425983       72.85328848251578
O           19.91101607686564       22.50917323377883       73.82112947377853
H           15.87596097456924       23.14292676417617       69.90578930366426
H           17.98386401597848       24.19982971820886       70.58890390840617
H           17.34568335892675       22.82657041923716       74.61667094428151
H           19.07488717906764       25.37426432809941       72.40166194597256
H           18.95173677324143       24.30973168708421       75.28332996459334
H           17.93551302110514       25.65248085075097       74.71867259213674
H           14.49136182770351       21.95162989529521       71.56679333093025
H           15.22233829439997       21.81022028713111       73.91990109066535
H           19.94810796816153       23.13891250665420       71.85163651624403
H           19.68979976717418       25.79990158844488       74.70930044895671
H           20.24013519653574       21.64690872461910       73.52710250637459
21
 energy: -28.470792677195 gnorm: 0.000202667288 xtb: 6.5.1 (579679a)
C           16.19950361844938       23.08084981572853       70.93274373699091
C           17.38584547733833       23.66846856606714       71.31454686401369
C           17.81640115686207       23.59857117565161       72.65775453755643
C           17.01897890114355       22.90566421618604       73.59149827171034
C           15.83157919660150       22.32879541485425       73.19625296645107
C           15.41896959047401       22.41207680239649       71.87058362186809
C           18.93548515230042       24.59367004459497       73.14273307983619
C           18.86263003369866       25.10985949165890       74.55445782399524
C           19.57317756079282       23.33065617697909       72.85373943818463
O           19.91058209674832       22.50905064931753       73.82217640954731
H           15.87514724924626       23.14463374121500       69.90610922654724
H           17.98376394208502       24.20037772099227       70.58904633753912
H           17.34661760325378       22.82525268242007       74.61629053005292
H           19.07536971392845       25.37371738391472       72.40109307105074
H           18.95379985213023       24.31064854812380       75.28322127504892
H           17.93433423584260       25.65086483394118       74.71832623572199
H           14.49110786807649       21.95243383127289       71.56685905112577
H           15.22314383081349       21.80909213972624       73.91949327046133
H           19.94847371719920       23.13789829955005       71.85237534628295
H           19.68797151886102       25.80222785767136       74.70810260713233
H           20.23924517415429       21.64654800773766       73.52835933888265
