20
 energy: -28.378763318408 gnorm: 0.136181992314 xtb: 6.5.1 (579679a)
C            1.83000000000000       13.43000000000000      100.69000000000000
C            1.83000000000000       12.25000000000000       99.87000000000000
C            1.13000000000000       12.27000000000000       98.67000000000000
C            0.35000000000000       13.39000000000000       98.30000000000000
C            0.35000000000000       14.55000000000000       99.08000000000000
C            1.17000000000000       14.63000000000000      100.19000000000000
H            2.37000000000000       13.44000000000000      101.63000000000000
H            2.23000000000000       11.31000000000000      100.25000000000000
H           -0.32000000000000       13.34000000000000       97.45000000000000
C            1.04000000000000       10.95000000000000       97.90999999999998
H            0.55000000000000       11.07000000000000       96.93999999999998
C            2.46000000000000       10.39000000000000       97.59999999999998
H            2.30000000000000        9.52000000000000       96.95000000000000
H            3.02000000000000        9.95000000000000       98.43999999999998
H            1.23000000000000       15.49000000000000      100.84000000000000
H           -0.18000000000000       15.41000000000000       98.70000000000000
C            0.09000000000000       10.08000000000000       98.74999999999999
H           -0.88000000000000       10.57000000000000       98.98000000000000
H            3.07000000000000       11.13000000000000       97.06999999999999
O            0.33000000000000        8.93000000000000       99.15999999999998
20
 energy: -28.396188704224 gnorm: 0.038637224478 xtb: 6.5.1 (579679a)
C            1.80968287006587       13.43395436876238      100.66827353988296
C            1.81901683839090       12.27973171543514       99.88531746238350
C            1.10432956761433       12.25875891551996       98.69455256097889
C            0.37486787655892       13.37900639448958       98.30192500725313
C            0.38486589667751       14.53859957969796       99.06763446341016
C            1.14389873027938       14.58840346585672      100.22116404992882
H            2.35686619247738       13.45235867571916      101.59889041218771
H            2.27956762150299       11.36755983672888      100.24760176333305
H           -0.27172786572455       13.33372193889472       97.43551122666845
C            1.04343583679089       10.95613674682066       97.91594494773489
H            0.53521524364623       11.10474756963373       96.95653521275486
C            2.42204201180384       10.35232024550599       97.59170498567528
H            2.29600973776608        9.49946885925121       96.92060895580718
H            2.96091747188736        9.98334481262903       98.46785301391560
H            1.22370976517434       15.47491314614731      100.83456962445658
H           -0.17502020752875       15.39823836515956       98.72381171460128
C            0.11830845064313       10.06937358326331       98.73172856432276
H           -0.84279228815236       10.56165331726696       98.97264090231954
H            3.03021812429508       11.10792805427129       97.09623793564744
O            0.35658812583145        8.95978040894643       99.13749365673804
20
 energy: -28.398954034061 gnorm: 0.021502271213 xtb: 6.5.1 (579679a)
C            1.83947740226773       13.44830530050631      100.64460331101037
C            1.77679775803726       12.28548435705830       99.90932183066410
C            1.07368573578023       12.24349298578486       98.71078651478037
C            0.36439868664991       13.36270568317054       98.31351918659988
C            0.41937192644189       14.53111909398799       99.05806853687032
C            1.15611142677683       14.57114386013914      100.22780877847278
H            2.37310210000544       13.46392348395301      101.58235582103954
H            2.30515185315135       11.40083356985837      100.24947109817062
H           -0.23008219277272       13.33916912599594       97.40638196717644
C            1.02790836629656       10.95922245636587       97.91263900695638
H            0.50556979441737       11.14703181270346       96.96415898439740
C            2.39540644117041       10.35610919393481       97.60016670552689
H            2.28231213347883        9.50715710074146       96.93108834124392
H            2.90287396777062       10.01468585469972       98.50028158273538
H            1.20017828912439       15.46726744715078      100.82988777448161
H           -0.15044506499617       15.39272258881371       98.73587026732412
C            0.14122041169773       10.04341689665456       98.72200192292648
H           -0.83555493956638       10.51626632460619       98.94873774508582
H            3.02028436340731       11.10212486356943       97.11459458116522
O            0.40223154086141        8.94781800030557       99.10825604337211
20
 energy: -28.399711453195 gnorm: 0.007710678530 xtb: 6.5.1 (579679a)
C            1.83195564182132       13.44499989309388      100.65447707517863
C            1.78967991644520       12.28753025298354       99.90545916333052
C            1.07791141796650       12.24379803411178       98.71110566854327
C            0.37623428665434       13.36953106868743       98.30815339824440
C            0.41511359447669       14.53085425446407       99.06159743334575
C            1.14615033411960       14.57121554588364      100.23527018576438
H            2.39047436354552       13.46811488896272      101.57872509879502
H            2.31138619150291       11.40542088954898      100.24767815230663
H           -0.20478282243766       13.34726311291438       97.39342312988195
C            1.01490114223747       10.96248312027072       97.91095642963950
H            0.48989851238917       11.16424474983281       96.96729534952912
C            2.38304012203541       10.36172450577582       97.60394775596177
H            2.26968859098967        9.50890944925747       96.94014623836382
H            2.87353604302707       10.01900558013802       98.51205554584227
H            1.18889881337706       15.47566987825246      100.82536963840529
H           -0.13531364899611       15.39875263759638       98.73091231891016
C            0.13856477386715       10.02294369011492       98.70670391365999
H           -0.84168766582089       10.48320814586938       98.95386333303505
H            3.01811399195599       11.10129069570929       97.12042810261094
O            0.43623640084360        8.93303960653230       99.10243206865148
20
 energy: -28.399816756732 gnorm: 0.009185502182 xtb: 6.5.1 (579679a)
C            1.83158197585454       13.44905951991254      100.66120015338939
C            1.79907860325843       12.29064504510563       99.90633897208072
C            1.07931619993699       12.24444574718325       98.71691899597681
C            0.38824206918889       13.37728567258992       98.30500668161160
C            0.41871271443705       14.53598452399177       99.06157648086464
C            1.14533417581788       14.57764437700508      100.23825095470767
H            2.40085149594919       13.47506205147264      101.57941756227527
H            2.31955603143151       11.41152851765439      100.25069280654610
H           -0.18433406607862       13.35332527472747       97.38784487046981
C            1.00583321179102       10.96455981500272       97.91583804149933
H            0.47166069770575       11.17460721015169       96.98023547529857
C            2.37309534555792       10.36361389526396       97.60352069590334
H            2.25914609337775        9.50612548011143       96.94523155930226
H            2.85510784569277       10.02138815637958       98.51471489647044
H            1.17547015475403       15.48394441697514      100.82504678101695
H           -0.12256643505041       15.40770422127579       98.72731041179759
C            0.14546277619390       10.01404907339143       98.71664264343350
H           -0.86567775052726       10.43060827060571       98.92590241666591
H            3.01169420819247       11.09972911146199       97.12009378326330
O            0.46243465251620        8.91868961973791       99.08821581742663
20
 energy: -28.399951652465 gnorm: 0.003659042732 xtb: 6.5.1 (579679a)
C            1.83398726793155       13.45189457470173      100.66027623709923
C            1.79288736966351       12.28960623774041       99.91014824136008
C            1.07343586671925       12.24240668753125       98.72112870362486
C            0.38850932778436       13.37802469799835       98.30564906914121
C            0.42407190493226       14.53866436435559       99.05916001965601
C            1.14923794540128       14.57971407861624      100.23700632714595
H            2.39960216447835       13.47620741669478      101.58024109644997
H            2.31895005904032       11.41258242036822      100.25410883143074
H           -0.17969681340439       13.35512146057777       97.38635010192039
C            1.00300308853621       10.96366350346135       97.91615174800421
H            0.46932956591488       11.17631064716980       96.98188035089922
C            2.37138973931213       10.36471763616826       97.60309746274828
H            2.25841061232536        9.50759743890637       96.94378849662520
H            2.85332911600463       10.02206512135810       98.51329183023753
H            1.17288600628919       15.48457960696876      100.82546844250223
H           -0.11648164983555       15.41171069156944       98.72540424253796
C            0.14075092614291       10.00400648777819       98.70348592761327
H           -0.86425995373267       10.41927851653515       98.93178886329669
H            3.00859310270072       11.10235053748861       97.12118625111722
O            0.47206435379569        8.91949787401161       99.09038775658961
20
 energy: -28.399980246837 gnorm: 0.001366148480 xtb: 6.5.1 (579679a)
C            1.83273155808001       13.45194844651305      100.66085459691168
C            1.78939784483304       12.28948904768594       99.91242675600520
C            1.07223695680680       12.24263841682983       98.72271257427838
C            0.38753613155683       13.37724895438908       98.30693883102964
C            0.42651122293934       14.53920323672356       99.05794966789902
C            1.15022684552295       14.57916679669425      100.23709517840823
H            2.39663854678011       13.47547668597349      101.58157919031333
H            2.31306604000069       11.41193917563827      100.25846922648472
H           -0.17854653602382       13.35485445097905       97.38593508678335
C            1.00193853578101       10.96337942979943       97.91767369697878
H            0.46725004856724       11.17525129380014       96.98402800090021
C            2.37103429932852       10.36692941401485       97.60209360998759
H            2.25706688202551        9.51065529574329       96.94187314102355
H            2.85715918084587       10.02468197231117       98.51054027799000
H            1.17873599582746       15.48529122193152      100.82360325135905
H           -0.11042969607464       15.41372181009869       98.72162336969916
C            0.14235562352846       10.00134358089471       98.70449353105515
H           -0.86512972843310       10.41057908134002       98.92705044849538
H            3.00441074326881       11.10638924082940       97.11872343375600
O            0.47580950483892        8.91981244781029       99.09433613064147
20
 energy: -28.400020718244 gnorm: 0.002554871278 xtb: 6.5.1 (579679a)
C            1.82857494870300       13.45164269189150      100.66416065937902
C            1.77893895123500       12.28670309393965       99.91985651927504
C            1.06617230080813       12.24152676898705       98.72869373226555
C            0.38956488035896       13.37868310734749       98.30718688864839
C            0.43598807098471       14.54325372418457       99.05318253741540
C            1.15605709855557       14.58124248118377      100.23514641520367
H            2.38962718334121       13.47345311929748      101.58636058099755
H            2.29845841717176       11.40781014144486      100.27044698996215
H           -0.17346044254085       13.35654499654831       97.38477489131377
C            0.99629823668164       10.96237848625254       97.92159843196366
H            0.45824336897526       11.17407208867271       96.99035262962985
C            2.36799000360307       10.37409303390126       97.59842340451040
H            2.25416812622619        9.51848882635040       96.93679862876476
H            2.86247913903937       10.03333917906902       98.50395420102875
H            1.19206767604803       15.48906645947346      100.81880031375573
H           -0.09347371622694       15.42106820190888       98.71200072819670
C            0.14635580608160        9.99135841154771       98.70705300514085
H           -0.87278963361056       10.37789787917897       98.91108309859982
H            2.99304746119141       11.11843933175875       97.11246106319419
O            0.49569212337342        8.91893797706164       99.10766528075477
20
 energy: -28.400051275011 gnorm: 0.002107323086 xtb: 6.5.1 (579679a)
C            1.82540745162934       13.44939608425409      100.66645370575215
C            1.77132543251419       12.28279260984208       99.92449062075754
C            1.06111292900393       12.23942002032678       98.73184358444327
C            0.39145581020766       13.37952500198867       98.30638821848939
C            0.44251589259142       14.54535538373012       99.04993654113964
C            1.16087821836449       14.58252479035995      100.23282531501083
H            2.38389525699280       13.46987094068106      101.59034622489463
H            2.28335200721225       11.40147182037239      100.27917794206441
H           -0.16965254137614       13.35838305234626       97.38265648349974
C            0.99199630898281       10.96097215251982       97.92324305482086
H            0.45062677930779       11.17298381718341       96.99387014672438
C            2.36603186965211       10.38069879775754       97.59484626829510
H            2.25476383227323        9.52507759297012       96.93275447773574
H            2.86547509272900       10.04161509023488       98.49848516295521
H            1.20183407568855       15.49146483572349      100.81460112901954
H           -0.08119598763869       15.42532937273998       98.70534630544100
C            0.14964485555621        9.98508714566629       98.70998677219707
H           -0.87659447491409       10.35813656050568       98.90226506481217
H            2.98577343405578       11.12892840089561       97.10767098089029
O            0.51135375716734        8.92096652990179       99.12281200105706
20
 energy: -28.400093847090 gnorm: 0.002617550585 xtb: 6.5.1 (579679a)
C            1.81876082286300       13.44328221839052      100.67038001619318
C            1.75713763045280       12.27502218796710       99.93136889864529
C            1.05285256219003       12.23579569070772       98.73459984857891
C            0.39459156484585       13.38073480775831       98.30374064051533
C            0.45293540533743       14.54788124365272       99.04470412909434
C            1.16871838295033       14.58313545151235      100.22887366396385
H            2.37486608930990       13.46204270169129      101.59612445062166
H            2.25878675785700       11.38896048874468      100.29060112384741
H           -0.16522286300857       13.36132818668467       97.37921961169879
C            0.98548292900365       10.95857910154507       97.92395896644774
H            0.43835290447969       11.16996687321060       96.99760197143847
C            2.36356393099457       10.39178286885387       97.58908040606534
H            2.25865793342561        9.53586496720101       96.92642211441171
H            2.86968083578595       10.05661381145576       98.49066292215990
H            1.21782654908659       15.49366047638873      100.80769556758092
H           -0.06247980783502       15.43098064018398       98.69589005311326
C            0.15555319717991        9.97743860510546       98.71605999128691
H           -0.88074613642599       10.33212142741803       98.89005357889690
H            2.97493649889234       11.14659852655987       97.10052379244345
O            0.53574481261490        8.92820972496825       99.15243825299652
20
 energy: -28.400125826805 gnorm: 0.003476492008 xtb: 6.5.1 (579679a)
C            1.81289031821119       13.43663920469393      100.67335439749620
C            1.74428331271406       12.26756017109732       99.93652024210608
C            1.04536182434063       12.23239682903555       98.73574248869167
C            0.39768006667735       13.38168574363414       98.30047091809561
C            0.46255570152346       14.54968270143332       99.03980854898583
C            1.17515412228580       14.58230131437110      100.22570735061157
H            2.36436225040058       13.45278083740359      101.60207434126809
H            2.23331650773083       11.37630126242046      100.30028809124045
H           -0.15945347376248       13.36507191231339       97.37391340484116
C            0.97979850930839       10.95610176503776       97.92372290357490
H            0.42614746181722       11.16575808149262       97.00080513564308
C            2.36158839977255       10.40229758950521       97.58279322006854
H            2.26357473002446        9.54585300833788       96.91995177282487
H            2.87326792309199       10.07182785490753       98.48274117313785
H            1.23083266353865       15.49401961774316      100.80192668194314
H           -0.04424348373108       15.43606845408633       98.68707804959389
C            0.16206181239489        9.97171050291149       98.72372898194034
H           -0.88178898003630       10.31126993689604       98.88415381970502
H            2.96472792313386       11.16338651141997       97.09299910122483
O            0.55788241056392        8.93728670125922       99.18221937700682
20
 energy: -28.400150368507 gnorm: 0.002455968749 xtb: 6.5.1 (579679a)
C            1.80739899650441       13.43132041105787      100.67580031951493
C            1.73533266760679       12.26263035850816       99.93925970416987
C            1.04126795506002       12.23066662544449       98.73505126940407
C            0.40092529534126       13.38274731515838       98.29687681218563
C            0.46919481739180       14.55070315073677       99.03618261960615
C            1.17816375635370       14.58051999242094      100.22428731624642
H            2.35568939700107       13.44555396896255      101.60647533303074
H            2.21706861973834       11.36805740680225      100.30475747143232
H           -0.15335368964166       13.36857999502919       97.36839963466261
C            0.97634086006365       10.95453174200794       97.92295279996381
H            0.41746251569768       11.16174948490154       97.00281970642902
C            2.36018044531018       10.40883432180437       97.57804434556836
H            2.26650623335354        9.55188253150337       96.91550363706990
H            2.87530829430287       10.08213076690385       98.47691047304951
H            1.23646731800313       15.49258471589551      100.79933183711431
H           -0.03154677070997       15.43944716013919       98.68121841458705
C            0.16734796891838        9.96922517033194       98.73063235277337
H           -0.87952951425744       10.30052105223856       98.88694772819854
H            2.95755008292486       11.17366464710449       97.08696916905457
O            0.57222475103733        8.94464918304869       99.20157905593861
20
 energy: -28.400178619885 gnorm: 0.002021696079 xtb: 6.5.1 (579679a)
C            1.80085734086951       13.42563198091130      100.67838785262047
C            1.72584555851959       12.25813041290698       99.94104211701770
C            1.03766141772121       12.23005156697558       98.73305565621641
C            0.40568521867683       13.38506088770477       98.29188891588807
C            0.47671223463565       14.55237114391629       99.03217313900602
C            1.17929683980644       14.57758013948496      100.22441303551770
H            2.34412257457387       13.43669119299684      101.61191142244613
H            2.20095946150540       11.36047514408976      100.30750723399200
H           -0.14315935396781       13.37448885053739       97.35999622043197
C            0.97247076250802       10.95350567743693       97.92160478565584
H            0.40735683083176       11.15630826002204       97.00483795198012
C            2.35770885203185       10.41446896049522       97.57237389993183
H            2.26743171867797        9.55668832853089       96.91065753587593
H            2.87651653896620       10.09231925709779       98.47030821749225
H            1.23874923388259       15.48948602188869      100.79909163201285
H           -0.01661936478583       15.44425131689330       98.67496480642282
C            0.17419338031765        9.96729358480503       98.73941152346410
H           -0.87634480586917       10.28879936977336       98.89389733036350
H            2.94887253625019       11.18241237773259       97.07917709293113
O            0.59168302484803        8.95398552580027       99.22329963073304
20
 energy: -28.400206302356 gnorm: 0.001482506813 xtb: 6.5.1 (579679a)
C            1.79230797637272       13.42002145439187      100.68182784534619
C            1.71629916504571       12.25383152678417       99.94279783067520
C            1.03519109459933       12.23003549958821       98.73073095577561
C            0.41237680735625       13.38823251141571       98.28567302005656
C            0.48492052679431       14.55468655305138       99.02743829801415
C            1.17906486651912       14.57476390441594      100.22487618963251
H            2.32928717454500       13.42738286764736      101.61887995182975
H            2.18568776674494       11.35345766185680      100.31018608919879
H           -0.13002511281064       13.38128430842480       97.35020482525098
C            0.96906097561152       10.95221419614149       97.92102209990344
H            0.39687346299571       11.14970304431542       97.00788067824301
C            2.35517770091003       10.41918165524919       97.56511299621431
H            2.26597057501495        9.56027789522988       96.90479195663561
H            2.87963078082761       10.10140263834709       98.46116297877190
H            1.23794376145382       15.48578435543429      100.80085797039511
H           -0.00125425534844       15.44956896663605       98.66805755763967
C            0.18204033538747        9.96625419849696       98.75053825146954
H           -0.87094746552858       10.27865932461656       98.90567388889006
H            2.93949823428305       11.18969614233332       97.06815714539412
O            0.61089562922607        8.96356129562354       99.24412947066349
20
 energy: -28.400236392057 gnorm: 0.002090498454 xtb: 6.5.1 (579679a)
C            1.77839482819342       13.41246740206967      100.68799829640901
C            1.70181615384442       12.24802139720333       99.94632793463839
C            1.03190287087093       12.23044946103440       98.72817790109403
C            0.42387453385644       13.39366222516076       98.27649235898691
C            0.49826406835731       14.55884697214508       99.02024782293502
C            1.17782464178685       14.57122393196441      100.22638382098884
H            2.30546195524434       13.41418068919793      101.63060116097427
H            2.16277370280771       11.34421487182661      100.31626554038327
H           -0.10667267058455       13.39225054180121       97.33439940611905
C            0.96314127785735       10.95081707148334       97.92076343074267
H            0.37988677096526       11.14113877308547       97.01343158847934
C            2.34961737951804       10.42561508697491       97.55302601709080
H            2.25956999387913        9.56465917841628       96.89540327640591
H            2.88428776386177       10.11399077009318       98.44535822652878
H            1.23547441460610       15.48088150721164      100.80490583183642
H            0.02391332961731       15.45861082689227       98.65665481769344
C            0.19488245653132        9.96339182451564       98.76685351152568
H           -0.86427711303491       10.25824148351959       98.91933446295144
H            2.92366125283695       11.19891239046582       97.04883476805520
O            0.64620238898475        8.97842359493849       99.27853982616156
20
 energy: -28.400251410604 gnorm: 0.001484687251 xtb: 6.5.1 (579679a)
C            1.77241232185887       13.41087500139398      100.69120770236626
C            1.69720388295161       12.24642297878162       99.94889897411846
C            1.03212517699898       12.23037294878772       98.72831338086856
C            0.42986144092919       13.39532307267567       98.27307165633160
C            0.50343685225374       14.56029519100049       99.01718759038796
C            1.17615864760955       14.57084852525069      100.22700302427489
H            2.29418162511270       13.41088912054668      101.63677131163190
H            2.15437604796818       11.34175914531875      100.32110363423146
H           -0.09575463487959       13.39514271342165       97.32842430375734
C            0.96183532849046       10.94995120933730       97.92212890570644
H            0.37365610581216       11.13855212137713       97.01746990474089
C            2.34729049271040       10.42724211792867       97.54677517909521
H            2.25481521226642        9.56509640290914       96.89087070122494
H            2.88809647229843       10.11798602507564       98.43649560035473
H            1.23238629455941       15.48000806095211      100.80690733233588
H            0.03346240816191       15.46128523496073       98.65103085366921
C            0.20026214562950        9.96247672867235       98.77362841202635
H           -0.85894161989314       10.25295046800012       98.92852386142908
H            2.91688152091762       11.20089196601427       97.03797740169865
O            0.65625427824355        8.98163096759536       99.28621026975011
20
 energy: -28.400269268151 gnorm: 0.002030898531 xtb: 6.5.1 (579679a)
C            1.76078223114949       13.40815504911165      100.69814218371667
C            1.68760399441077       12.24337878424674       99.95562836789647
C            1.03186506654288       12.22950801458954       98.73015634415813
C            0.44108196064388       13.39781799178790       98.26788515001769
C            0.51442534835396       14.56319566217520       99.01126367950725
C            1.17466342030514       14.57108641190488      100.22763603046702
H            2.27403986163882       13.40628177011350      101.64834408901882
H            2.13783419039428       11.33724604848572      100.33266574393411
H           -0.07576653707696       13.39923230216410       97.31873691756184
C            0.95857297619618       10.94859748431523       97.92490459604724
H            0.36131737653857       11.13567497932200       97.02574814317713
C            2.34209575585338       10.43143475592622       97.53523004158201
H            2.24524066755669        9.56650405795226       96.88327399751981
H            2.89502889431017       10.12736145746883       98.41974873284255
H            1.22937799221597       15.47969540413023      100.80892022822334
H            0.05271652713540       15.46622445743249       98.63973898325051
C            0.20998505558734        9.95871144735173       98.78396887546782
H           -0.85168469555588       10.23793761047560       98.93954827640438
H            2.90288309864770       11.20540461629761       97.01688074950532
O            0.67793681515214        8.98655169474861       99.30157886970183
20
 energy: -28.400275084465 gnorm: 0.001269323151 xtb: 6.5.1 (579679a)
C            1.75835541915547       13.40787608096597      100.69988881088095
C            1.68473654864004       12.24264764563085       99.95813567617904
C            1.03132547783710       12.22898957823265       98.73138494272447
C            0.44360971262877       13.39804753245489       98.26730099022092
C            0.51739183874518       14.56386344157764       99.00992596747203
C            1.17488393725620       14.57146466640249      100.22765177643149
H            2.26928861876569       13.40593476060927      101.65134338545253
H            2.13283436801715       11.33606832212807      100.33670603210972
H           -0.07104726084699       13.39974260179453       97.31681196546894
C            0.95746445722274       10.94837923990046       97.92573751678852
H            0.35802806894244       11.13567074718510       97.02817398879110
C            2.34052958294781       10.43302843639770       97.53260469516673
H            2.24315916528223        9.56681569209615       96.88232870803162
H            2.89694058716417       10.13146767972565       98.41584658868005
H            1.23036232689898       15.48038984447302      100.80829175654955
H            0.05838658967439       15.46746829217083       98.63636023684730
C            0.21224811307900        9.95656911504173       98.78544416740387
H           -0.85033552631424       10.23262588346914       98.94125913810950
H            2.89834550245200       11.20711034888863       97.01122270422844
O            0.68349247245182        8.98584009085528       99.30358095246318
20
 energy: -28.400283928013 gnorm: 0.000576473296 xtb: 6.5.1 (579679a)
C            1.75562601915879       13.40803242760726      100.70224823918575
C            1.68102358372257       12.24207921733649       99.96211129933089
C            1.03028918605897       12.22808250098949       98.73385154407005
C            0.44627148794532       13.39785082534325       98.26734567169878
C            0.52156344141879       14.56484813489511       99.00802318335435
C            1.17643757022307       14.57259202266354      100.22708694927789
H            2.26454970716052       13.40686415270307      101.65470589008375
H            2.12648031278215       11.33503356357470      100.34274253853616
H           -0.06691544716601       13.39918842222857       97.31599884159618
C            0.95606852156212       10.94806298365417       97.92744116210802
H            0.35437989940795       11.13611958103002       97.03180244388378
C            2.33888439871740       10.43574047752483       97.53030976357954
H            2.24143103788556        9.56671854706032       96.88375282738237
H            2.90038001708943       10.13953010526541       98.41211155376703
H            1.23369651612458       15.48216278208007      100.80618433020292
H            0.06528977418487       15.46869873585274       98.63190358751443
C            0.21407209407006        9.95243808827068       98.78547708984630
H           -0.84894709720026       10.22602160907751       98.94364676414997
H            2.89176897224562       11.20958879418463       97.00345774046610
O            0.68765000460841        8.98034702865816       99.29979857996580
20
 energy: -28.400296877213 gnorm: 0.000879944043 xtb: 6.5.1 (579679a)
C            1.75267762002423       13.40834427513401      100.70490064580419
C            1.67542349215885       12.24103112984093       99.96728264339491
C            1.02819715353243       12.22703250553120       98.73708118033394
C            0.44931573951449       13.39788708877267       98.26722092349657
C            0.52657603945352       14.56610594775396       99.00573219193063
C            1.17886125041243       14.57410415280745      100.22605901331642
H            2.25830258193975       13.40760895299047      101.65917234465195
H            2.11692344239084       11.33305280104579      100.35066125587755
H           -0.06164622332233       13.39927113667594       97.31424606691593
C            0.95411433592988       10.94744549245958       97.93018372990646
H            0.34943303405903       11.13562042957549       97.03669499078623
C            2.33717545313414       10.43988360182661       97.52793247040889
H            2.24051960268439        9.56548371437064       96.88837998745124
H            2.90645259813259       10.15382562743458       98.40829508880887
H            1.23922396305368       15.48474206871764      100.80295281920698
H            0.07486753619406       15.47075614434431       98.62582649475529
C            0.21630723532331        9.94631078464818       98.78551340348690
H           -0.84566405558923       10.21921560247329       98.95080856274306
H            2.88189259216481       11.21319473707475       96.99173339357783
O            0.69104660880905        8.96908380652257       99.28932279314617
20
 energy: -28.400319091940 gnorm: 0.001823244365 xtb: 6.5.1 (579679a)
C            1.74609439525774       13.40802243753233      100.70974087994129
C            1.66501448626254       12.23925609009022       99.97522511593584
C            1.02391887150067       12.22567692586643       98.74174925137388
C            0.45485107776551       13.39886759150817       98.26579836703542
C            0.53690623774096       14.56925693441563       99.00047441132577
C            1.18373189344455       14.57661880830190      100.22398357058252
H            2.24762061095216       13.40754689031645      101.66613509791287
H            2.09845419515403       11.32942202092308      100.36338733819973
H           -0.05317157560790       13.40009391051260       97.31148791857073
C            0.95042514885576       10.94617075069156       97.93529863198609
H            0.34063624832953       11.13310568451105       97.04495475009173
C            2.33439980388149       10.44781198666302       97.52468406744354
H            2.23992032999701        9.56264535471430       96.89957190675301
H            2.91721855732237       10.18169517994920       98.40250664859668
H            1.24840586617683       15.48873831038918      100.79783707047736
H            0.09212541668052       15.47521612382676       98.61579250603590
C            0.22055422947819        9.93521524853309       98.78596465443329
H           -0.83835024928473       10.20927417780472       98.96891920352709
H            2.86416833169636       11.21914234000400       96.97051677991669
O            0.69707612439632        8.94622323344639       99.26597182986056
20
 energy: -28.400328600685 gnorm: 0.000746909806 xtb: 6.5.1 (579679a)
C            1.74454525675310       13.40638681980125      100.70958891017985
C            1.66262210754005       12.23780910043042       99.97424805349193
C            1.02230577166178       12.22572018954156       98.74044245060070
C            0.45478420407215       13.39971375330569       98.26425555349118
C            0.53726952196183       14.56927511387876       99.00007746021841
C            1.18363862485347       14.57565568934032      100.22370748419236
H            2.24509741675625       13.40417976747727      101.66660909066728
H            2.09487246867084       11.32724767007152      100.36226544373919
H           -0.04998424401791       13.40264499049107       97.30836069308677
C            0.94960345414746       10.94540096076564       97.93511187707367
H            0.33895602645372       11.13007961183353       97.04430087263795
C            2.33442313198855       10.44883406630482       97.52401380441412
H            2.24180068807492        9.56306417205088       96.90017670437999
H            2.91750525905234       10.18504412306203       98.40172050193631
H            1.24782019084308       15.48763291324317      100.79838685146058
H            0.09545640522108       15.47663073006995       98.61526908588175
C            0.22200730876999        9.93525561421196       98.78809675420908
H           -0.83473069107779       10.21286383071040       98.97909463803757
H            2.86260084998892       11.22027476752318       96.96908215343822
O            0.69940624828610        8.94628611588667       99.26519161686305
20
 energy: -28.400336515615 gnorm: 0.001849608095 xtb: 6.5.1 (579679a)
C            1.74068756397519       13.40360601732734      100.71012996070789
C            1.65831628460843       12.23591999556128       99.97287563993886
C            1.02096269033770       12.22658658269977       98.73765534003424
C            0.45731034125211       13.40199500566591       98.26020827321449
C            0.53998084692857       14.57004861276381       98.99825070521526
C            1.18271254920900       14.57395989366382      100.22379499552460
H            2.23983653196668       13.39846793319076      101.66793785117777
H            2.08807292172798       11.32406218054417      100.36074938445995
H           -0.04465829044326       13.40687978346016       97.30299132710275
C            0.94832772184176       10.94452071488003       97.93531205276172
H            0.33498174853467       11.12460888534247       97.04475387361141
C            2.33399564121684       10.45054598748736       97.52257262123118
H            2.24339966821116        9.56294375930181       96.90163341089048
H            2.91885935776530       10.19161202401703       98.40010441073485
H            1.24632761006079       15.48552933915505      100.79964977786548
H            0.10103065132761       15.47920141124146       98.61430848309733
C            0.22636178027886        9.93697582253224       98.79570100118336
H           -0.82837503328909       10.21758780579282       98.99536166606165
H            2.85846815900704       11.22221161230570       96.96487746400258
O            0.70340125548258        8.94273663306710       99.26113176118444
20
 energy: -28.400345842666 gnorm: 0.001377294982 xtb: 6.5.1 (579679a)
C            1.73575229387130       13.40104334853076      100.71138440420246
C            1.65318327553021       12.23435284994535       99.97260497208750
C            1.01982646529475       12.22718661498431       98.73531253760102
C            0.46112838122701       13.40406849731213       98.25588264941348
C            0.54386791416601       14.57107450783398       98.99558221506861
C            1.18139661871313       14.57246701344873      100.22402296471040
H            2.23260162828334       13.39343835364264      101.67030099133709
H            2.08014096693411       11.32134015739102      100.36073719443158
H           -0.03870223169318       13.41031268078675       97.29758169277707
C            0.94722219417394       10.94372320396390       97.93540386530009
H            0.33128499954163       11.11975817568612       97.04584913746913
C            2.33334412351443       10.45254490344087       97.52052279881866
H            2.24378944245968        9.56279451178335       96.90240398093619
H            2.92110494270655       10.19823251680252       98.39772598070765
H            1.24462021060021       15.48351712418155      100.80064248291460
H            0.10718683232191       15.48160003582323       98.61215081617352
C            0.22982210441078        9.93513662599292       98.79846458133811
H           -0.81855440695043       10.22636304523734       99.01922854895061
H            2.85368092498060       11.22467358517494       96.95938625984097
O            0.70730331991392        8.93637224803766       99.25481192592140
20
 energy: -28.400356805877 gnorm: 0.000903324616 xtb: 6.5.1 (579679a)
C            1.73337863093416       13.40158198829855      100.71303311927586
C            1.65099821933233       12.23479898904924       99.97488604875741
C            1.01994803491892       12.22722921513255       98.73634378712769
C            0.46344112177428       13.40432138311409       98.25527951239248
C            0.54615740395690       14.57193001962778       98.99415118714164
C            1.18137129780496       14.57336898990173      100.22387273829445
H            2.22636288560411       13.39380261200131      101.67383623073346
H            2.07557609620405       11.32129960087151      100.36440564492656
H           -0.03327709996609       13.41079509451929       97.29523221020938
C            0.94713554341600       10.94361454184122       97.93715902577561
H            0.32844729942256       11.11853396456142       97.04982202099001
C            2.33222092179243       10.45372570673343       97.51795251634864
H            2.24160778253859        9.56238199950898       96.90188757017077
H            2.92383535256705       10.20166280019648       98.39362909780934
H            1.24367850204124       15.48427357497434      100.80037818659257
H            0.11217014378388       15.48283288934532       98.60855260064341
C            0.23207467260608        9.93299164714284       98.80002871547873
H           -0.81310575763715       10.22691022143758       99.02988803482930
H            2.84995999695336       11.22537048649260       96.95336735135245
O            0.70801895195221        8.92857427524980       99.24629440115014
20
 energy: -28.400380753130 gnorm: 0.002674249051 xtb: 6.5.1 (579679a)
C            1.72453052710197       13.40374558365612      100.71947948474268
C            1.64411507444037       12.23594709922940       99.98351185861975
C            1.02113189681069       12.22700834880320       98.74055353889941
C            0.47265848659918       13.40520304923355       98.25337611833882
C            0.55421218784496       14.57487895385705       98.98938606985728
C            1.18024329712799       14.57677020636068      100.22382612439188
H            2.21060998019714       13.39792115222349      101.68370613660376
H            2.06431268868574       11.32185662793603      100.37664483222024
H           -0.01869748119931       13.41088991202184       97.29039373329370
C            0.94677201646771       10.94329006961630       97.94290543958201
H            0.32035162150240       11.11694943210089       97.06119307248483
C            2.32873869510702       10.45682666778565       97.51110985797797
H            2.23437907643879        9.56099353974267       96.90158033057425
H            2.93222040099855       10.21195776421710       98.38144102166405
H            1.24194613014302       15.48848116093748      100.79855510371290
H            0.12566177179531       15.48573493896814       98.59779610978183
C            0.23817038994963        9.92536907752409       98.80309779695997
H           -0.79829130630148       10.22579162597385       99.05869687109744
H            2.83796444259970       11.22649826634684       96.93562440175177
O            0.70897010369050        8.90388652346571       99.21712209744548
20
 energy: -28.400393902827 gnorm: 0.003743538168 xtb: 6.5.1 (579679a)
C            1.71856485505007       13.40466238999173      100.72328436446787
C            1.63838018968664       12.23602989214264       99.98880163639600
C            1.02088113382281       12.22682222902142       98.74299616782241
C            0.47902779822958       13.40618005353419       98.25128976157477
C            0.56047676543552       14.57690785843207       98.98570777209805
C            1.17993775156882       14.57859715958380      100.22343230546403
H            2.19872663428634       13.39914103348671      101.69055408445458
H            2.05374387715986       11.32105181964644      100.38530492159327
H           -0.00742251282273       13.41197046631855       97.28574174485912
C            0.94580555699165       10.94268468172926       97.94678091118834
H            0.31415644535819       11.11478746942580       97.06819511191499
C            2.32630497111041       10.45973825130469       97.50655065291863
H            2.23038991300612        9.56002045659636       96.90279365171834
H            2.93794618611157       10.22222343527366       98.37351495208327
H            1.24099023654875       15.49070499386194      100.79756104479719
H            0.13663552488374       15.48830933636565       98.59020721369140
C            0.24322291534654        9.91949602831481       98.80588816375646
H           -0.78652501957444       10.22557358278691       99.08294281479640
H            2.82770380720648       11.22844875905846       96.92267688883557
O            0.71105297059398        8.88665010312494       99.19577583556914
20
 energy: -28.400410180280 gnorm: 0.003156691142 xtb: 6.5.1 (579679a)
C            1.71192463448228       13.40539304429124      100.72744830862636
C            1.63138742580054       12.23565350819481       99.99477180182218
C            1.01993741238227       12.22635576443197       98.74594649279922
C            0.48569781077497       13.40711225133533       98.24924236215294
C            0.56762624101096       14.57900758686342       98.98176189577049
C            1.18020085903124       14.58047983887569      100.22284196397763
H            2.18684954133144       13.40039018503756      101.69735824300317
H            2.04162469546740       11.31987913677140      100.39502199949388
H            0.00425888201112       13.41293427120471       97.28117414306746
C            0.94428538492645       10.94185439701165       97.95099553728311
H            0.30753488006956       11.11241671049846       97.07533343545150
C            2.32363841245973       10.46352421216743       97.50193258533605
H            2.22685654063203        9.55927870143368       96.90505895799264
H            2.94407106345214       10.23515707157369       98.36520419812105
H            1.24157233732747       15.49323115392622      100.79598711891032
H            0.14912457094979       15.49106826870279       98.58205823615808
C            0.24850587021213        9.91257067670919       98.80841198316278
H           -0.77429529127343       10.22245506782038       99.10657413013580
H            2.81565443391877       11.23117039374363       96.90863634421979
O            0.71354429503300        8.87006775940679       99.17424026251554
20
 energy: -28.400431153362 gnorm: 0.002011210346 xtb: 6.5.1 (579679a)
C            1.70310211170174       13.40523984389970      100.73238922472706
C            1.62091383063730       12.23413920118202      100.00171036294503
C            1.01731712999684       12.22564234841675       98.74913165273047
C            0.49351475753327       13.40853963223965       98.24614907531378
C            0.57697291988523       14.58148602319754       98.97671260804111
C            1.18128416365334       14.58220042948876      100.22175064687022
H            2.17232763839537       13.40003559910635      101.70512317946773
H            2.02431124177795       11.31716332728740      100.40643971661504
H            0.01885289468657       13.41493108469916       97.27479294131683
C            0.94144659976875       10.94049022265416       97.95596097348319
H            0.29847893561611       11.10827563242743       97.08361416385586
C            2.32033594474509       10.46945976182428       97.49661144290694
H            2.22471559775312        9.55887149976994       96.90953212169728
H            2.95155388741203       10.25484731143731       98.35544983610441
H            1.24414477464067       15.49589617960649      100.79350618544561
H            0.16639700983442       15.49503378359692       98.57211134737723
C            0.25542829605207        9.90375078675531       98.81216917227898
H           -0.75844053733734       10.21745710530721       99.13704157684123
H            2.79940592140256       11.23565961977482       96.89113639053380
O            0.71793688184479        8.85088060732884       99.14866738144806
20
 energy: -28.400452915592 gnorm: 0.001289151107 xtb: 6.5.1 (579679a)
C            1.69240719435633       13.40410435882845      100.73789480508744
C            1.60700160502493       12.23158645424600      100.00930282711172
C            1.01282942378630       12.22473518761748       98.75236577294311
C            0.50230143745222       13.41044490756815       98.24197336316789
C            0.58885766668760       14.58434524027106       98.97046372902932
C            1.18346475701160       14.58360323997833      100.22015437101462
H            2.15505615795350       13.39763861935487      101.71384211767682
H            2.00125930307329       11.31275103823534      100.41917698727522
H            0.03562886535663       13.41785261144699       97.26686204009297
C            0.93729754988279       10.93864667788012       97.96150099977849
H            0.28703678048187       11.10198107678947       97.09298347702720
C            2.31633077044349       10.47773116955421       97.49075841174336
H            2.22421097141804        9.55893548119702       96.91636159871379
H            2.96009727014370       10.28174918101266       98.34463645036251
H            1.24918263442196       15.49849457316563      100.79002185942542
H            0.18854302298011       15.50018025018934       98.56067261040226
C            0.26410905380301        9.89327702558205       98.81723763106825
H           -0.73885747433876       10.21004178259137       99.17311318155205
H            2.77878507530144       11.24215015168628       96.87041699274207
O            0.72445793475982        8.82975097280518       99.12026077378525
20
 energy: -28.400476475123 gnorm: 0.001627414597 xtb: 6.5.1 (579679a)
C            1.67643557935272       13.40157367905279      100.74583425320509
C            1.58461378285147       12.22716848056504      100.02038249870219
C            1.00453917410852       12.22304572958079       98.75708977531551
C            0.51461262138350       13.41297287566914       98.23592220524044
C            0.60772944463092       14.58828518985882       98.96109700391384
C            1.18836535824715       14.58511407067363      100.21741130655029
H            2.12929618316481       13.39255856928409      101.72642370878346
H            1.96390972326164       11.30511556674104      100.43764743292941
H            0.05924549409956       13.42196390341159       97.25563998768578
C            0.93031415386932       10.93573594042843       97.96930683252552
H            0.26941251309265       11.09146118064116       97.10665550584311
C            2.30999815410395       10.49173749862867       97.48233160634948
H            2.22555977468275        9.56029760171597       96.92772065759907
H            2.97203292513420       10.32579250427826       98.32870953044146
H            1.26008477986737       15.50194406425585      100.78380550792861
H            0.22382626631153       15.50791555616098       98.54394214389059
C            0.27748078402622        9.87753344231041       98.82495238120472
H           -0.70961758877704       10.19411701191262       99.22193786564907
H            2.74630058124526       11.25314367026621       96.83969829355138
O            0.73586029534337        8.80252346456457       99.08349150269086
20
 energy: -28.400463164070 gnorm: 0.006598541090 xtb: 6.5.1 (579679a)
C            1.66204042086246       13.39996188776066      100.75304549928620
C            1.56595145552982       12.22438840927454      100.03010804456038
C            0.99865944713372       12.22190378454507       98.76090927531641
C            0.52578711583021       13.41481714879443       98.23066388148868
C            0.62338566023497       14.59138274405266       98.95312574275441
C            1.19162611834870       14.58655966067197      100.21532130009292
H            2.10531841554348       13.38927874836272      101.73804860719643
H            1.93298627852571       11.29972394659322      100.45284695491003
H            0.08068780566174       13.42503385363919       97.24551477191959
C            0.92524746556322       10.93362594196059       97.97601443247676
H            0.25411590995060       11.08286156550645       97.11981605576217
C            2.30431221614732       10.50288880742616       97.47422428891151
H            2.22596835513674        9.56160868814142       96.93553459432708
H            2.98116324260090       10.36050711750861       98.31359337330663
H            1.26717658182556       15.50472280977181      100.77892031972132
H            0.25356135671377       15.51386499986431       98.52923601164777
C            0.28944942978645        9.86505863143407       98.83200263775703
H           -0.68224263740622       10.18564451637002       99.26952596476555
H            2.72025729968626       11.26068928830178       96.81384454378110
O            0.74454806232445        8.77547745002038       99.04770370001788
20
 energy: -28.400487774022 gnorm: 0.001537926116 xtb: 6.5.1 (579679a)
C            1.66243824173438       13.39963951706421      100.75272508866071
C            1.56581042742334       12.22431848096986      100.02979923902065
C            0.99815473516094       12.22157094496776       98.76087145910216
C            0.52498333624917       13.41413908685387       98.23129464364791
C            0.62349749906334       14.59075751200056       98.95356971112481
C            1.19246836677281       14.58610678093654      100.21527684546467
H            2.10561142914595       13.38902248012535      101.73762546842590
H            1.93249094376065       11.29958646274965      100.45202822239121
H            0.07926326020542       13.42426977793901       97.24651821692167
C            0.92518762838227       10.93366413837069       97.97527506438576
H            0.25437179530818       11.08284308157629       97.11936611903717
C            2.30406363509204       10.50331506269011       97.47411631469666
H            2.22695697066042        9.56307829031908       96.93442135912920
H            2.97944438868732       10.36014577072628       98.31313601829820
H            1.26880983028692       15.50423195152437      100.77858706883822
H            0.25394466743891       15.51310650629053       98.52987753075544
C            0.28949153496716        9.86589117931273       98.83188422937347
H           -0.68332820977962       10.18268451982797       99.26322625580050
H            2.72054678265276       11.26081407644375       96.81544660568194
O            0.74579273678747        8.78081437931145       99.05495453924374
20
 energy: -28.400464603919 gnorm: 0.006552553818 xtb: 6.5.1 (579679a)
C            1.66306552815303       13.39916649587915      100.75222206474402
C            1.56561640001179       12.22422133511860      100.02930760832110
C            0.99738543104923       12.22108950632581       98.76080222556156
C            0.52375204281381       13.41314547144202       98.23223735350102
C            0.62362428239432       14.58983268445463       98.95425049410207
C            1.19371297163902       14.58543312606896      100.21521566999607
H            2.10615533385162       13.38864254483299      101.73693559133099
H            1.93182665135325       11.29940282892787      100.45075303156125
H            0.07710309466505       13.42315225100345       97.24801889578313
C            0.92509353908812       10.93372852774629       97.97417485888987
H            0.25478532229138       11.08279757932410       97.11865264000431
C            2.30370084657570       10.50393677688925       97.47399908129221
H            2.22845186388023        9.56526073864259       96.93280669950799
H            2.97683103098457       10.35956580250054       98.31252453146674
H            1.27123016622057       15.50349632830864      100.77810925941999
H            0.25445155415738       15.51198901770268       98.53087611407086
C            0.28952783641433        9.86712629934881       98.83167327173841
H           -0.68496354836970       10.17827224776822       99.25381747516685
H            2.72105197433304       11.26096757172076       96.81792265314600
O            0.74759767849313        8.78877286599474       99.06570048039544
20
 energy: -28.400488985369 gnorm: 0.002612497859 xtb: 6.5.1 (579679a)
C            1.65950603657852       13.39876241707356      100.75420853616089
C            1.56212466052415       12.22346703111351      100.03161644488995
C            0.99707471008331       12.22096627265370       98.76146714035531
C            0.52738794527176       13.41411196140413       98.23050996061616
C            0.62705962494663       14.59099729355619       98.95227941674062
C            1.19346029984274       14.58591807563854      100.21511425630119
H            2.09984159560686       13.38787872855959      101.74034399080590
H            1.92556927761993       11.29794004376259      100.45485830149465
H            0.08343502744625       13.42460007627464       97.24496817881223
C            0.92434099152837       10.93303985647306       97.97591031892814
H            0.25131954114096       11.08080142627986       97.12174385516313
C            2.30280310235899       10.50568330811947       97.47175105463374
H            2.22684658871642        9.56355899168071       96.93509440912732
H            2.98159046082360       10.36755322453980       98.30894247714875
H            1.27072977646550       15.50413901126230      100.77799417459222
H            0.26049693025174       15.51374230254133       98.52725628707098
C            0.29212345582967        9.86436951377068       98.83362485445666
H           -0.67856833806189       10.17860715479911       99.26709850570991
H            2.71416216280917       11.26260441214908       96.80901579282337
O            0.74869615021717        8.78125889834818       99.05620204416874
20
 energy: -28.400487494614 gnorm: 0.002105945616 xtb: 6.5.1 (579679a)
C            1.65594654500401       13.39835833826796      100.75619500757777
C            1.55863292103651       12.22271272710841      100.03392528145875
C            0.99676398911739       12.22084303898160       98.76213205514895
C            0.53102384772971       13.41507845136625       98.22878256773130
C            0.63049496749894       14.59216190265777       98.95030833937916
C            1.19320762804646       14.58640302520812      100.21501284260620
H            2.09352785736210       13.38711491228621      101.74375239028090
H            1.91931190388661       11.29647725859732      100.45896357142803
H            0.08976696022745       13.42604790154584       97.24191746184135
C            0.92358844396862       10.93235118519985       97.97764577896639
H            0.24785375999054       11.07880527323561       97.12483507032205
C            2.30190535814229       10.50742983934968       97.46950302797529
H            2.22524131355261        9.56185724471883       96.93738211874658
H            2.98634989066263       10.37554064657906       98.30536042283072
H            1.27022938671044       15.50478169421597      100.77787908976462
H            0.26654230634610       15.51549558737998       98.52363646007123
C            0.29471907524501        9.86161272819254       98.83557643717494
H           -0.67217312775408       10.17894206183001       99.28037953625301
H            2.70727235128530       11.26424125257739       96.80010893250073
O            0.74979462194121        8.77374493070164       99.04670360794198
20
 energy: -28.400493412970 gnorm: 0.000327374809 xtb: 6.5.1 (579679a)
C            1.65603710506124       13.39845387682069      100.75593298337162
C            1.55859981333517       12.22291429769379      100.03367714773891
C            0.99660069089903       12.22087654922095       98.76212488703023
C            0.53053368748178       13.41472368331974       98.22911865438667
C            0.63028756887655       14.59180559396756       98.95055330492922
C            1.19323125555520       14.58623384735654      100.21499354879332
H            2.09386946284154       13.38734623760434      101.74319569211890
H            1.91967516811379       11.29691435039241      100.45818012916767
H            0.08922187751785       13.42555493722862       97.24234444578819
C            0.92357338962140       10.93262406003595       97.97730761123225
H            0.24808013699334       11.07931803598350       97.12470277527474
C            2.30144810084077       10.50729996671441       97.46919852694526
H            2.22582814098593        9.56345492089812       96.93529100471443
H            2.98351561598257       10.37295345658460       98.30461363595997
H            1.27045779226809       15.50459868812647      100.77772646798527
H            0.26639713474222       15.51503779792105       98.52401024702843
C            0.29504848955856        9.86220290226229       98.83577618315955
H           -0.67218599214174       10.17827152088207       99.27848386290538
H            2.70894059444554       11.26367133755464       96.80321095871442
O            0.75083996702101        8.77574393943228       99.04955793275560
20
 energy: -28.400494899742 gnorm: 0.000467363837 xtb: 6.5.1 (579679a)
C            1.65320701910322       13.39805693071328      100.75733861674779
C            1.55574308178250       12.22243352415069      100.03525649133536
C            0.99626936936385       12.22066857894917       98.76258654321801
C            0.53313267521501       13.41496213239370       98.22814176655159
C            0.63309070432391       14.59218150891215       98.94933346824753
C            1.19323243867479       14.58626476001429      100.21499288986506
H            2.08877840260337       13.38677716440286      101.74559638899449
H            1.91472700455557       11.29605556017711      100.46068731838129
H            0.09393503016986       13.42606298594634       97.24042863703869
C            0.92293332894282       10.93224750023366       97.97816446706804
H            0.24536998933156       11.07796963186824       97.12702832237063
C            2.30020531622851       10.50871988689502       97.46697577084052
H            2.22484110277177        9.56372846016505       96.93509293333047
H            2.98496973863045       10.37744213740804       98.30071057825135
H            1.27050204462893       15.50468860288052      100.77760247268098
H            0.27155064442403       15.51576568957431       98.52160556357816
C            0.29752785831708        9.86087446516579       98.83765164019071
H           -0.66741779346936       10.17665647388805       99.28487429712209
H            2.70417116537211       11.26463683722354       96.79827988034803
O            0.75323087902986        8.77380716903822       99.04765195383921
20
 energy: -28.400496678544 gnorm: 0.000334707086 xtb: 6.5.1 (579679a)
C            1.65031722383746       13.39776507815551      100.75873732654551
C            1.55365129545925       12.22208592588942      100.03661781939606
C            0.99670769005384       12.22056360964226       98.76286603583522
C            0.53619237740922       13.41526223717497       98.22706622178697
C            0.63550009899675       14.59255659978738       98.94826121312397
C            1.19236202166105       14.58627708253223      100.21530690122884
H            2.08348812139666       13.38645426309180      101.74799683308963
H            1.91118870784343       11.29552634999550      100.46285711626982
H            0.09932583909586       13.42659115821614       97.23837051749602
C            0.92271236364787       10.93194034199904       97.97880453672502
H            0.24300860726083       11.07705119921016       97.12930175874013
C            2.29894076818392       10.50922290105796       97.46416977748183
H            2.22282132069832        9.56383051503225       96.93300815209271
H            2.98607828519487       10.37896656901584       98.29612172910831
H            1.26867121454127       15.50457771115087      100.77828243311913
H            0.27568904168006       15.51628664573862       98.51948966807612
C            0.30003640996442        9.86041194515104       98.83996001759429
H           -0.66288144766729       10.17660757581068       99.29108381779520
H            2.70037238652309       11.26512029234635       96.79392287736988
O            0.75581767421894        8.77290199900199       99.04777524712529
20
 energy: -28.400498047086 gnorm: 0.000295830199 xtb: 6.5.1 (579679a)
C            1.64785683507284       13.39747840163198      100.75993208828943
C            1.55246703055828       12.22192720762947      100.03743538926327
C            0.99765324664701       12.22065916371454       98.76275073038839
C            0.53895710785622       13.41561292531512       98.22600386419653
C            0.63716898192243       14.59283133797845       98.94748935496145
C            1.19103214283520       14.58614542165118      100.21585162175924
H            2.07892641071842       13.38597407843352      101.75011814257738
H            1.90903026977542       11.29525085853184      100.46431067061474
H            0.10430503035942       13.42716294516983       97.23632771850866
C            0.92264035713315       10.93177586319200       97.97914619964112
H            0.24097030502168       11.07638302586841       97.13113071038997
C            2.29778326796759       10.50920549325275       97.46150819296400
H            2.22029685607607        9.56413341220921       96.92989374084989
H            2.98663553106558       10.37821721698464       98.29197645210344
H            1.26610984651556       15.50425155643899      100.77931744961705
H            0.27877950996938       15.51677530659537       98.51785048174145
C            0.30222973080766        9.86059027903774       98.84238185713404
H           -0.65955684655900       10.17692512905889       99.29570555983969
H            2.69799781617297       11.26537284781511       96.79082965655417
O            0.75871657008394        8.77332752949101       99.05004011860632
20
 energy: -28.400498786024 gnorm: 0.000187394266 xtb: 6.5.1 (579679a)
C            1.64592231797092       13.39730254862304      100.76081795091417
C            1.55126390233549       12.22180407478172      100.03811790176582
C            0.99815506984246       12.22074067354986       98.76271384276960
C            0.54121795843551       13.41601061787544       98.22508098034834
C            0.63880900648428       14.59317482448947       98.94673242805953
C            1.19026863053758       14.58615779224513      100.21611587258599
H            2.07518596324449       13.38546919599513      101.75178056909928
H            1.90724540694125       11.29508048140524      100.46529557059095
H            0.10820858823074       13.42771873788310       97.23472007424300
C            0.92259840689507       10.93170128858632       97.97943160478212
H            0.23935882592592       11.07584230238281       97.13266539937311
C            2.29675840799060       10.50906634631086       97.45934049379825
H            2.21817470288858        9.56446125790302       96.92698931710076
H            2.98670049291443       10.37706106848021       98.28874823569686
H            1.26390179631122       15.50402061916919      100.78013833093262
H            0.28111478889180       15.51716025750470       98.51683625267634
C            0.30415782660923        9.86073612784607       98.84437615166290
H           -0.65698167453598       10.17696805686411       99.29916484008287
H            2.69628554100571       11.26567378785219       96.78874098179377
O            0.76165404108055        8.77384994025245       99.05219320172375
